<?xml version="1.0" encoding="UTF-8"?>
<testsuite name="com.portfolio.AppTests" time="13.641" tests="5" errors="0" skipped="0" failures="5">
  <properties>
[...]
</properties>
  <testcase name="portfolio" classname="com.portfolio.AppTests" time="13.438">
    <failure message="Status expected:&lt;200&gt; but was:&lt;404&gt;" type="java.lang.AssertionError"><![CDATA[java.lang.AssertionError: Status expected:<200> but was:<404>
	at org.springframework.test.util.AssertionErrors.fail(AssertionErrors.java:60)
	at org.springframework.test.util.AssertionErrors.assertEquals(AssertionErrors.java:89)
	at org.springframework.test.web.servlet.result.StatusResultMatchers$5.match(StatusResultMatchers.java:546)
	at org.springframework.test.web.servlet.MockMvc$1.andExpect(MockMvc.java:141)
	at com.portfolio.AppTests.portfolio(AppTests.java:35)
]]></failure>
    <system-out><![CDATA[15:45:37,691 DEBUG SpringJUnit4ClassRunner:106 - SpringJUnit4ClassRunner constructor called with [class com.portfolio.AppTests].
15:45:37,832 DEBUG AbstractDelegatingSmartContextLoader:89 - Delegating to GenericXmlWebContextLoader to process context configuration [ContextConfigurationAttributes@1216f5a declaringClass = 'com.portfolio.SpringTest', locations = '{file:src/main/webapp/WEB-INF/mvc-dispatcher-servlet.xml}', classes = '{}', inheritLocations = true, initializers = '{}', inheritInitializers = true, contextLoaderClass = 'org.springframework.test.context.ContextLoader'].
15:45:37,832 DEBUG ContextLoaderUtils:298 - Could not find an 'annotation declaring class' for annotation type [org.springframework.test.context.ActiveProfiles] and class [com.portfolio.AppTests]
15:45:37,848 DEBUG TestContextManager:185 - @TestExecutionListeners is not present for class [class com.portfolio.AppTests]: using defaults.
15:45:37,910 DEBUG ProfileValueUtils:68 - Retrieved @ProfileValueSourceConfiguration [null] for test class [com.portfolio.AppTests]
15:45:37,910 DEBUG ProfileValueUtils:80 - Retrieved ProfileValueSource type [class org.springframework.test.annotation.SystemProfileValueSource] for class [com.portfolio.AppTests]
15:45:37,926 DEBUG ProfileValueUtils:68 - Retrieved @ProfileValueSourceConfiguration [null] for test class [com.portfolio.AppTests]
15:45:37,926 DEBUG ProfileValueUtils:80 - Retrieved ProfileValueSource type [class org.springframework.test.annotation.SystemProfileValueSource] for class [com.portfolio.AppTests]
15:45:37,926 DEBUG ProfileValueUtils:68 - Retrieved @ProfileValueSourceConfiguration [null] for test class [com.portfolio.AppTests]
15:45:37,926 DEBUG ProfileValueUtils:80 - Retrieved ProfileValueSource type [class org.springframework.test.annotation.SystemProfileValueSource] for class [com.portfolio.AppTests]
15:45:37,941 DEBUG AbstractDelegatingSmartContextLoader:98 - Delegating to GenericXmlWebContextLoader to load context from [WebMergedContextConfiguration@1879b testClass = AppTests, locations = '{file:src/main/webapp/WEB-INF/mvc-dispatcher-servlet.xml}', classes = '{}', contextInitializerClasses = '[]', activeProfiles = '{}', resourceBasePath = 'src/main/webapp', contextLoader = 'org.springframework.test.context.web.WebDelegatingSmartContextLoader'].
15:45:37,941 DEBUG AbstractGenericWebContextLoader:105 - Loading WebApplicationContext for merged context configuration [WebMergedContextConfiguration@1879b testClass = AppTests, locations = '{file:src/main/webapp/WEB-INF/mvc-dispatcher-servlet.xml}', classes = '{}', contextInitializerClasses = '[]', activeProfiles = '{}', resourceBasePath = 'src/main/webapp', contextLoader = 'org.springframework.test.context.web.WebDelegatingSmartContextLoader'].
15:45:38,129 DEBUG StandardServletEnvironment:112 - Initializing new StandardServletEnvironment
15:45:38,129 DEBUG StandardServletEnvironment:107 - Adding [servletConfigInitParams] PropertySource with lowest search precedence
15:45:38,129 DEBUG StandardServletEnvironment:107 - Adding [servletContextInitParams] PropertySource with lowest search precedence
15:45:38,207 DEBUG StandardServletEnvironment:107 - Adding [jndiProperties] PropertySource with lowest search precedence
15:45:38,207 DEBUG StandardServletEnvironment:107 - Adding [systemProperties] PropertySource with lowest search precedence
15:45:38,223 DEBUG StandardServletEnvironment:107 - Adding [systemEnvironment] PropertySource with lowest search precedence
15:45:38,223 DEBUG StandardServletEnvironment:116 - Initialized StandardServletEnvironment with PropertySources [servletConfigInitParams,servletContextInitParams,jndiProperties,systemProperties,systemEnvironment]
15:45:38,238 DEBUG StandardEnvironment:112 - Initializing new StandardEnvironment
15:45:38,238 DEBUG StandardEnvironment:107 - Adding [systemProperties] PropertySource with lowest search precedence
15:45:38,238 DEBUG StandardEnvironment:107 - Adding [systemEnvironment] PropertySource with lowest search precedence
15:45:38,238 DEBUG StandardEnvironment:116 - Initialized StandardEnvironment with PropertySources [systemProperties,systemEnvironment]
15:45:38,254  INFO XmlBeanDefinitionReader:315 - Loading XML bean definitions from URL [file:src/main/webapp/WEB-INF/mvc-dispatcher-servlet.xml]
15:45:38,301 DEBUG DefaultDocumentLoader:72 - Using JAXP provider [com.sun.org.apache.xerces.internal.jaxp.DocumentBuilderFactoryImpl]
15:45:39,285 DEBUG PluggableSchemaResolver:140 - Loading schema mappings from [META-INF/spring.schemas]
15:45:39,316 DEBUG PluggableSchemaResolver:146 - Loaded schema mappings: {http://www.springframework.org/schema/util/spring-util.xsd=org/springframework/beans/factory/xml/spring-util-3.2.xsd, http://www.springframework.org/schema/jee/spring-jee-3.2.xsd=org/springframework/ejb/config/spring-jee-3.2.xsd, http://www.springframework.org/schema/data/mongo/spring-mongo.xsd=org/springframework/data/mongodb/config/spring-mongo-1.2.xsd, http://www.springframework.org/schema/mvc/spring-mvc-3.1.xsd=org/springframework/web/servlet/config/spring-mvc-3.1.xsd, http://www.springframework.org/schema/beans/spring-beans-3.1.xsd=org/springframework/beans/factory/xml/spring-beans-3.1.xsd, http://www.springframework.org/schema/task/spring-task.xsd=org/springframework/scheduling/config/spring-task-3.2.xsd, http://www.springframework.org/schema/cache/spring-cache.xsd=org/springframework/cache/config/spring-cache-3.2.xsd, http://www.springframework.org/schema/aop/spring-aop-3.0.xsd=org/springframework/aop/config/spring-aop-3.0.xsd, http://www.springframework.org/schema/aop/spring-aop-2.0.xsd=org/springframework/aop/config/spring-aop-2.0.xsd, http://www.springframework.org/schema/task/spring-task-3.1.xsd=org/springframework/scheduling/config/spring-task-3.1.xsd, http://www.springframework.org/schema/tool/spring-tool-2.5.xsd=org/springframework/beans/factory/xml/spring-tool-2.5.xsd, http://www.springframework.org/schema/beans/spring-beans.xsd=org/springframework/beans/factory/xml/spring-beans-3.2.xsd, http://www.springframework.org/schema/jee/spring-jee-2.5.xsd=org/springframework/ejb/config/spring-jee-2.5.xsd, http://www.springframework.org/schema/tool/spring-tool-3.1.xsd=org/springframework/beans/factory/xml/spring-tool-3.1.xsd, http://www.springframework.org/schema/data/mongo/spring-mongo-1.2.xsd=org/springframework/data/mongodb/config/spring-mongo-1.2.xsd, http://www.springframework.org/schema/aop/spring-aop.xsd=org/springframework/aop/config/spring-aop-3.2.xsd, http://www.springframework.org/schema/jee/spring-jee-3.1.xsd=org/springframework/ejb/config/spring-jee-3.1.xsd, http://www.springframework.org/schema/context/spring-context-3.2.xsd=org/springframework/context/config/spring-context-3.2.xsd, http://www.springframework.org/schema/util/spring-util-3.2.xsd=org/springframework/beans/factory/xml/spring-util-3.2.xsd, http://www.springframework.org/schema/beans/spring-beans-2.0.xsd=org/springframework/beans/factory/xml/spring-beans-2.0.xsd, http://www.springframework.org/schema/mvc/spring-mvc-3.0.xsd=org/springframework/web/servlet/config/spring-mvc-3.0.xsd, http://www.springframework.org/schema/lang/spring-lang-3.2.xsd=org/springframework/scripting/config/spring-lang-3.2.xsd, http://www.springframework.org/schema/beans/spring-beans-3.0.xsd=org/springframework/beans/factory/xml/spring-beans-3.0.xsd, http://www.springframework.org/schema/cache/spring-cache-3.2.xsd=org/springframework/cache/config/spring-cache-3.2.xsd, http://www.springframework.org/schema/task/spring-task-3.0.xsd=org/springframework/scheduling/config/spring-task-3.0.xsd, http://www.springframework.org/schema/data/repository/spring-repository-1.5.xsd=org/springframework/data/repository/config/spring-repository-1.5.xsd, http://www.springframework.org/schema/tx/spring-tx-2.5.xsd=org/springframework/transaction/config/spring-tx-2.5.xsd, http://www.springframework.org/schema/context/spring-context-2.5.xsd=org/springframework/context/config/spring-context-2.5.xsd, http://www.springframework.org/schema/tool/spring-tool-3.0.xsd=org/springframework/beans/factory/xml/spring-tool-3.0.xsd, http://www.springframework.org/schema/tx/spring-tx.xsd=org/springframework/transaction/config/spring-tx-3.1.xsd, http://www.springframework.org/schema/data/mongo/spring-mongo-1.1.xsd=org/springframework/data/mongodb/config/spring-mongo-1.1.xsd, http://www.springframework.org/schema/util/spring-util-2.5.xsd=org/springframework/beans/factory/xml/spring-util-2.5.xsd, http://www.springframework.org/schema/tool/spring-tool-2.0.xsd=org/springframework/beans/factory/xml/spring-tool-2.0.xsd, http://www.springframework.org/schema/lang/spring-lang.xsd=org/springframework/scripting/config/spring-lang-3.2.xsd, http://www.springframework.org/schema/lang/spring-lang-2.5.xsd=org/springframework/scripting/config/spring-lang-2.5.xsd, http://www.springframework.org/schema/aop/spring-aop-3.2.xsd=org/springframework/aop/config/spring-aop-3.2.xsd, http://www.springframework.org/schema/jee/spring-jee-3.0.xsd=org/springframework/ejb/config/spring-jee-3.0.xsd, http://www.springframework.org/schema/tx/spring-tx-3.1.xsd=org/springframework/transaction/config/spring-tx-3.1.xsd, http://www.springframework.org/schema/jee/spring-jee-2.0.xsd=org/springframework/ejb/config/spring-jee-2.0.xsd, http://www.springframework.org/schema/context/spring-context-3.1.xsd=org/springframework/context/config/spring-context-3.1.xsd, http://www.springframework.org/schema/util/spring-util-3.1.xsd=org/springframework/beans/factory/xml/spring-util-3.1.xsd, http://www.springframework.org/schema/lang/spring-lang-3.1.xsd=org/springframework/scripting/config/spring-lang-3.1.xsd, http://www.springframework.org/schema/cache/spring-cache-3.1.xsd=org/springframework/cache/config/spring-cache-3.1.xsd, http://www.springframework.org/schema/context/spring-context.xsd=org/springframework/context/config/spring-context-3.2.xsd, http://www.springframework.org/schema/jee/spring-jee.xsd=org/springframework/ejb/config/spring-jee-3.2.xsd, http://www.springframework.org/schema/data/repository/spring-repository-1.4.xsd=org/springframework/data/repository/config/spring-repository-1.4.xsd, http://www.springframework.org/schema/aop/spring-aop-2.5.xsd=org/springframework/aop/config/spring-aop-2.5.xsd, http://www.springframework.org/schema/data/repository/spring-repository.xsd=org/springframework/data/repository/config/spring-repository-1.5.xsd, http://www.springframework.org/schema/mvc/spring-mvc.xsd=org/springframework/web/servlet/config/spring-mvc-3.2.xsd, http://www.springframework.org/schema/data/mongo/spring-mongo-1.0.xsd=org/springframework/data/mongodb/config/spring-mongo-1.0.xsd, http://www.springframework.org/schema/mvc/spring-mvc-3.2.xsd=org/springframework/web/servlet/config/spring-mvc-3.2.xsd, http://www.springframework.org/schema/data/repository/spring-repository-1.0.xsd=org/springframework/data/repository/config/spring-repository-1.0.xsd, http://www.springframework.org/schema/beans/spring-beans-3.2.xsd=org/springframework/beans/factory/xml/spring-beans-3.2.xsd, http://www.springframework.org/schema/tx/spring-tx-2.0.xsd=org/springframework/transaction/config/spring-tx-2.0.xsd, http://www.springframework.org/schema/aop/spring-aop-3.1.xsd=org/springframework/aop/config/spring-aop-3.1.xsd, http://www.springframework.org/schema/task/spring-task-3.2.xsd=org/springframework/scheduling/config/spring-task-3.2.xsd, http://www.springframework.org/schema/tx/spring-tx-3.0.xsd=org/springframework/transaction/config/spring-tx-3.0.xsd, http://www.springframework.org/schema/context/spring-context-3.0.xsd=org/springframework/context/config/spring-context-3.0.xsd, http://www.springframework.org/schema/tool/spring-tool.xsd=org/springframework/beans/factory/xml/spring-tool-3.2.xsd, http://www.springframework.org/schema/util/spring-util-3.0.xsd=org/springframework/beans/factory/xml/spring-util-3.0.xsd, http://www.springframework.org/schema/util/spring-util-2.0.xsd=org/springframework/beans/factory/xml/spring-util-2.0.xsd, http://www.springframework.org/schema/lang/spring-lang-3.0.xsd=org/springframework/scripting/config/spring-lang-3.0.xsd, http://www.springframework.org/schema/lang/spring-lang-2.0.xsd=org/springframework/scripting/config/spring-lang-2.0.xsd, http://www.springframework.org/schema/tool/spring-tool-3.2.xsd=org/springframework/beans/factory/xml/spring-tool-3.2.xsd, http://www.springframework.org/schema/beans/spring-beans-2.5.xsd=org/springframework/beans/factory/xml/spring-beans-2.5.xsd}
15:45:39,347 DEBUG PluggableSchemaResolver:118 - Found XML schema [http://www.springframework.org/schema/beans/spring-beans.xsd] in classpath: org/springframework/beans/factory/xml/spring-beans-3.2.xsd
15:45:39,722 DEBUG PluggableSchemaResolver:118 - Found XML schema [http://www.springframework.org/schema/context/spring-context.xsd] in classpath: org/springframework/context/config/spring-context-3.2.xsd
15:45:39,785 DEBUG PluggableSchemaResolver:118 - Found XML schema [http://www.springframework.org/schema/tool/spring-tool-3.2.xsd] in classpath: org/springframework/beans/factory/xml/spring-tool-3.2.xsd
15:45:39,816 DEBUG PluggableSchemaResolver:118 - Found XML schema [http://www.springframework.org/schema/aop/spring-aop-3.0.xsd] in classpath: org/springframework/aop/config/spring-aop-3.0.xsd
15:45:39,847 DEBUG PluggableSchemaResolver:118 - Found XML schema [http://www.springframework.org/schema/data/mongo/spring-mongo-1.0.xsd] in classpath: org/springframework/data/mongodb/config/spring-mongo-1.0.xsd
15:45:39,879 DEBUG PluggableSchemaResolver:118 - Found XML schema [http://www.springframework.org/schema/data/repository/spring-repository-1.0.xsd] in classpath: org/springframework/data/repository/config/spring-repository-1.0.xsd
15:45:39,894 DEBUG DefaultBeanDefinitionDocumentReader:108 - Loading bean definitions
15:45:39,988 DEBUG DefaultNamespaceHandlerResolver:156 - Loaded NamespaceHandler mappings: {http://www.springframework.org/schema/p=org.springframework.beans.factory.xml.SimplePropertyNamespaceHandler, http://www.springframework.org/schema/mvc=org.springframework.web.servlet.config.MvcNamespaceHandler, http://www.springframework.org/schema/util=org.springframework.beans.factory.xml.UtilNamespaceHandler, http://www.springframework.org/schema/data/mongo=org.springframework.data.mongodb.config.MongoNamespaceHandler, http://www.springframework.org/schema/jee=org.springframework.ejb.config.JeeNamespaceHandler, http://www.springframework.org/schema/aop=org.springframework.aop.config.AopNamespaceHandler, http://www.springframework.org/schema/data/repository=org.springframework.data.repository.config.RepositoryNameSpaceHandler, http://www.springframework.org/schema/cache=org.springframework.cache.config.CacheNamespaceHandler, http://www.springframework.org/schema/c=org.springframework.beans.factory.xml.SimpleConstructorNamespaceHandler, http://www.springframework.org/schema/tx=org.springframework.transaction.config.TxNamespaceHandler, http://www.springframework.org/schema/task=org.springframework.scheduling.config.TaskNamespaceHandler, http://www.springframework.org/schema/lang=org.springframework.scripting.config.LangNamespaceHandler, http://www.springframework.org/schema/context=org.springframework.context.config.ContextNamespaceHandler}
15:45:40,082 DEBUG PathMatchingResourcePatternResolver:550 - Looking for matching resources in directory tree [C:\Documents and Settings\e7006722\My Documents\GitHub\portfolio\target\test-classes\com\portfolio]
15:45:40,082 DEBUG PathMatchingResourcePatternResolver:612 - Searching directory [C:\Documents and Settings\e7006722\My Documents\GitHub\portfolio\target\test-classes\com\portfolio] for files matching pattern [C:/Documents and Settings/e7006722/My Documents/GitHub/portfolio/target/test-classes/com/portfolio/**/*.class]
15:45:40,082 DEBUG PathMatchingResourcePatternResolver:612 - Searching directory [C:\Documents and Settings\e7006722\My Documents\GitHub\portfolio\target\test-classes\com\portfolio\dao] for files matching pattern [C:/Documents and Settings/e7006722/My Documents/GitHub/portfolio/target/test-classes/com/portfolio/**/*.class]
15:45:40,097 DEBUG PathMatchingResourcePatternResolver:550 - Looking for matching resources in directory tree [C:\Documents and Settings\e7006722\My Documents\GitHub\portfolio\target\classes\com\portfolio]
15:45:40,097 DEBUG PathMatchingResourcePatternResolver:612 - Searching directory [C:\Documents and Settings\e7006722\My Documents\GitHub\portfolio\target\classes\com\portfolio] for files matching pattern [C:/Documents and Settings/e7006722/My Documents/GitHub/portfolio/target/classes/com/portfolio/**/*.class]
15:45:40,097 DEBUG PathMatchingResourcePatternResolver:612 - Searching directory [C:\Documents and Settings\e7006722\My Documents\GitHub\portfolio\target\classes\com\portfolio\aspect] for files matching pattern [C:/Documents and Settings/e7006722/My Documents/GitHub/portfolio/target/classes/com/portfolio/**/*.class]
15:45:40,097 DEBUG PathMatchingResourcePatternResolver:612 - Searching directory [C:\Documents and Settings\e7006722\My Documents\GitHub\portfolio\target\classes\com\portfolio\config] for files matching pattern [C:/Documents and Settings/e7006722/My Documents/GitHub/portfolio/target/classes/com/portfolio/**/*.class]
15:45:40,097 DEBUG PathMatchingResourcePatternResolver:612 - Searching directory [C:\Documents and Settings\e7006722\My Documents\GitHub\portfolio\target\classes\com\portfolio\controller] for files matching pattern [C:/Documents and Settings/e7006722/My Documents/GitHub/portfolio/target/classes/com/portfolio/**/*.class]
15:45:40,097 DEBUG PathMatchingResourcePatternResolver:612 - Searching directory [C:\Documents and Settings\e7006722\My Documents\GitHub\portfolio\target\classes\com\portfolio\dao] for files matching pattern [C:/Documents and Settings/e7006722/My Documents/GitHub/portfolio/target/classes/com/portfolio/**/*.class]
15:45:40,097 DEBUG PathMatchingResourcePatternResolver:612 - Searching directory [C:\Documents and Settings\e7006722\My Documents\GitHub\portfolio\target\classes\com\portfolio\exception] for files matching pattern [C:/Documents and Settings/e7006722/My Documents/GitHub/portfolio/target/classes/com/portfolio/**/*.class]
15:45:40,097 DEBUG PathMatchingResourcePatternResolver:612 - Searching directory [C:\Documents and Settings\e7006722\My Documents\GitHub\portfolio\target\classes\com\portfolio\mail] for files matching pattern [C:/Documents and Settings/e7006722/My Documents/GitHub/portfolio/target/classes/com/portfolio/**/*.class]
15:45:40,097 DEBUG PathMatchingResourcePatternResolver:612 - Searching directory [C:\Documents and Settings\e7006722\My Documents\GitHub\portfolio\target\classes\com\portfolio\model] for files matching pattern [C:/Documents and Settings/e7006722/My Documents/GitHub/portfolio/target/classes/com/portfolio/**/*.class]
15:45:40,097 DEBUG PathMatchingResourcePatternResolver:612 - Searching directory [C:\Documents and Settings\e7006722\My Documents\GitHub\portfolio\target\classes\com\portfolio\service] for files matching pattern [C:/Documents and Settings/e7006722/My Documents/GitHub/portfolio/target/classes/com/portfolio/**/*.class]
15:45:40,097 DEBUG PathMatchingResourcePatternResolver:612 - Searching directory [C:\Documents and Settings\e7006722\My Documents\GitHub\portfolio\target\classes\com\portfolio\service\impl] for files matching pattern [C:/Documents and Settings/e7006722/My Documents/GitHub/portfolio/target/classes/com/portfolio/**/*.class]
15:45:40,097 DEBUG PathMatchingResourcePatternResolver:612 - Searching directory [C:\Documents and Settings\e7006722\My Documents\GitHub\portfolio\target\classes\com\portfolio\utils] for files matching pattern [C:/Documents and Settings/e7006722/My Documents/GitHub/portfolio/target/classes/com/portfolio/**/*.class]
15:45:40,097 DEBUG PathMatchingResourcePatternResolver:612 - Searching directory [C:\Documents and Settings\e7006722\My Documents\GitHub\portfolio\target\classes\com\portfolio\utils\enume] for files matching pattern [C:/Documents and Settings/e7006722/My Documents/GitHub/portfolio/target/classes/com/portfolio/**/*.class]
15:45:40,113 DEBUG PathMatchingResourcePatternResolver:612 - Searching directory [C:\Documents and Settings\e7006722\My Documents\GitHub\portfolio\target\classes\com\portfolio\vo] for files matching pattern [C:/Documents and Settings/e7006722/My Documents/GitHub/portfolio/target/classes/com/portfolio/**/*.class]
15:45:40,113 DEBUG PathMatchingResourcePatternResolver:351 - Resolved location pattern [classpath*:com/portfolio/**/*.class] to resources [file [C:\Documents and Settings\e7006722\My Documents\GitHub\portfolio\target\test-classes\com\portfolio\AppTests.class], file [C:\Documents and Settings\e7006722\My Documents\GitHub\portfolio\target\test-classes\com\portfolio\dao\PortfolioDaoTest.class], file [C:\Documents and Settings\e7006722\My Documents\GitHub\portfolio\target\test-classes\com\portfolio\MockTest.class], file [C:\Documents and Settings\e7006722\My Documents\GitHub\portfolio\target\test-classes\com\portfolio\SpringTest.class], file [C:\Documents and Settings\e7006722\My Documents\GitHub\portfolio\target\classes\com\portfolio\aspect\LoggingAspect.class], file [C:\Documents and Settings\e7006722\My Documents\GitHub\portfolio\target\classes\com\portfolio\config\AppConfig.class], file [C:\Documents and Settings\e7006722\My Documents\GitHub\portfolio\target\classes\com\portfolio\controller\GenericController.class], file [C:\Documents and Settings\e7006722\My Documents\GitHub\portfolio\target\classes\com\portfolio\controller\PortfolioController.class], file [C:\Documents and Settings\e7006722\My Documents\GitHub\portfolio\target\classes\com\portfolio\dao\ContactMeDao.class], file [C:\Documents and Settings\e7006722\My Documents\GitHub\portfolio\target\classes\com\portfolio\dao\GenericDao.class], file [C:\Documents and Settings\e7006722\My Documents\GitHub\portfolio\target\classes\com\portfolio\dao\PortfolioDao.class], file [C:\Documents and Settings\e7006722\My Documents\GitHub\portfolio\target\classes\com\portfolio\exception\ApplicationException.class], file [C:\Documents and Settings\e7006722\My Documents\GitHub\portfolio\target\classes\com\portfolio\mail\ApplicationMailer.class], file [C:\Documents and Settings\e7006722\My Documents\GitHub\portfolio\target\classes\com\portfolio\model\Address.class], file [C:\Documents and Settings\e7006722\My Documents\GitHub\portfolio\target\classes\com\portfolio\model\Contact.class], file [C:\Documents and Settings\e7006722\My Documents\GitHub\portfolio\target\classes\com\portfolio\model\ContactMe.class], file [C:\Documents and Settings\e7006722\My Documents\GitHub\portfolio\target\classes\com\portfolio\model\Location.class], file [C:\Documents and Settings\e7006722\My Documents\GitHub\portfolio\target\classes\com\portfolio\model\Organisation.class], file [C:\Documents and Settings\e7006722\My Documents\GitHub\portfolio\target\classes\com\portfolio\model\Portfolio.class], file [C:\Documents and Settings\e7006722\My Documents\GitHub\portfolio\target\classes\com\portfolio\model\Project.class], file [C:\Documents and Settings\e7006722\My Documents\GitHub\portfolio\target\classes\com\portfolio\model\Technology.class], file [C:\Documents and Settings\e7006722\My Documents\GitHub\portfolio\target\classes\com\portfolio\model\Testimonial.class], file [C:\Documents and Settings\e7006722\My Documents\GitHub\portfolio\target\classes\com\portfolio\model\User.class], file [C:\Documents and Settings\e7006722\My Documents\GitHub\portfolio\target\classes\com\portfolio\service\ContactMeSvc.class], file [C:\Documents and Settings\e7006722\My Documents\GitHub\portfolio\target\classes\com\portfolio\service\impl\ContactMeSvcImpl.class], file [C:\Documents and Settings\e7006722\My Documents\GitHub\portfolio\target\classes\com\portfolio\service\impl\PortfolioSvcImpl.class], file [C:\Documents and Settings\e7006722\My Documents\GitHub\portfolio\target\classes\com\portfolio\service\PortfolioSvc.class], file [C:\Documents and Settings\e7006722\My Documents\GitHub\portfolio\target\classes\com\portfolio\utils\enume\MessageCode.class], file [C:\Documents and Settings\e7006722\My Documents\GitHub\portfolio\target\classes\com\portfolio\utils\enume\StreetType.class], file [C:\Documents and Settings\e7006722\My Documents\GitHub\portfolio\target\classes\com\portfolio\utils\JsonUtils.class], file [C:\Documents and Settings\e7006722\My Documents\GitHub\portfolio\target\classes\com\portfolio\utils\StringConstants.class], file [C:\Documents and Settings\e7006722\My Documents\GitHub\portfolio\target\classes\com\portfolio\vo\ResponseVo.class]]
15:45:40,301 DEBUG ClassPathBeanDefinitionScanner:264 - Identified candidate component class: file [C:\Documents and Settings\e7006722\My Documents\GitHub\portfolio\target\classes\com\portfolio\config\AppConfig.class]
15:45:40,316 DEBUG ClassPathBeanDefinitionScanner:270 - Ignored because not a concrete top-level class: file [C:\Documents and Settings\e7006722\My Documents\GitHub\portfolio\target\classes\com\portfolio\controller\GenericController.class]
15:45:40,316 DEBUG ClassPathBeanDefinitionScanner:264 - Identified candidate component class: file [C:\Documents and Settings\e7006722\My Documents\GitHub\portfolio\target\classes\com\portfolio\controller\PortfolioController.class]
15:45:40,363 DEBUG ClassPathBeanDefinitionScanner:264 - Identified candidate component class: file [C:\Documents and Settings\e7006722\My Documents\GitHub\portfolio\target\classes\com\portfolio\dao\ContactMeDao.class]
15:45:40,410 DEBUG ClassPathBeanDefinitionScanner:264 - Identified candidate component class: file [C:\Documents and Settings\e7006722\My Documents\GitHub\portfolio\target\classes\com\portfolio\dao\PortfolioDao.class]
15:45:40,410 DEBUG ClassPathBeanDefinitionScanner:264 - Identified candidate component class: file [C:\Documents and Settings\e7006722\My Documents\GitHub\portfolio\target\classes\com\portfolio\mail\ApplicationMailer.class]
15:45:40,457 DEBUG ClassPathBeanDefinitionScanner:264 - Identified candidate component class: file [C:\Documents and Settings\e7006722\My Documents\GitHub\portfolio\target\classes\com\portfolio\service\impl\ContactMeSvcImpl.class]
15:45:40,472 DEBUG ClassPathBeanDefinitionScanner:264 - Identified candidate component class: file [C:\Documents and Settings\e7006722\My Documents\GitHub\portfolio\target\classes\com\portfolio\service\impl\PortfolioSvcImpl.class]
15:45:40,472 DEBUG ClassPathBeanDefinitionScanner:264 - Identified candidate component class: file [C:\Documents and Settings\e7006722\My Documents\GitHub\portfolio\target\classes\com\portfolio\utils\JsonUtils.class]
15:45:41,066 DEBUG BeanDefinitionParserDelegate:498 - Neither XML 'id' nor 'name' specified - using generated bean name [org.springframework.web.servlet.view.InternalResourceViewResolver#0]
15:45:41,066 DEBUG XmlBeanDefinitionReader:216 - Loaded 24 bean definitions from location pattern [file:src/main/webapp/WEB-INF/mvc-dispatcher-servlet.xml]
15:45:41,066  INFO GenericWebApplicationContext:510 - Refreshing org.springframework.web.context.support.GenericWebApplicationContext@a4daa3: startup date [Mon Mar 17 15:45:41 EST 2014]; root of context hierarchy
15:45:41,113 DEBUG StandardServletEnvironment:172 - Replacing [servletContextInitParams] PropertySource with [servletContextInitParams]
15:45:41,113 DEBUG GenericWebApplicationContext:540 - Bean factory for org.springframework.web.context.support.GenericWebApplicationContext@a4daa3: org.springframework.beans.factory.support.DefaultListableBeanFactory@bf5dc1: defining beans [appConfig,portfolioController,contactMeDao,portfolioDao,mailService,contactMeSvcImpl,portfolioSvcImpl,jsonUtils,org.springframework.context.annotation.internalConfigurationAnnotationProcessor,org.springframework.context.annotation.internalAutowiredAnnotationProcessor,org.springframework.context.annotation.internalRequiredAnnotationProcessor,org.springframework.context.annotation.internalCommonAnnotationProcessor,org.springframework.aop.config.internalAutoProxyCreator,mongo,org.springframework.beans.factory.config.CustomEditorConfigurer#0,org.springframework.beans.factory.config.CustomEditorConfigurer#1,org.springframework.beans.factory.config.CustomEditorConfigurer#2,mongoDbFactory,mongoTemplate,org.springframework.web.servlet.view.InternalResourceViewResolver#0,logAspect,mapper,mailSender,preConfiguredMessage]; root of factory hierarchy
15:45:41,394 DEBUG DefaultListableBeanFactory:215 - Creating shared instance of singleton bean 'org.springframework.context.annotation.internalConfigurationAnnotationProcessor'
15:45:41,394 DEBUG DefaultListableBeanFactory:435 - Creating instance of bean 'org.springframework.context.annotation.internalConfigurationAnnotationProcessor'
15:45:41,488 DEBUG DefaultListableBeanFactory:509 - Eagerly caching bean 'org.springframework.context.annotation.internalConfigurationAnnotationProcessor' to allow for resolving potential circular references
15:45:41,504 DEBUG DefaultListableBeanFactory:463 - Finished creating instance of bean 'org.springframework.context.annotation.internalConfigurationAnnotationProcessor'
15:45:41,863 DEBUG ConfigurationClassBeanDefinitionReader:199 - Skipping loading bean definition for [BeanMethod:name=mongoDbFactory,declaringClass=com.portfolio.config.AppConfig]: a definition for bean 'mongoDbFactory' already exists. This is likely due to an override in XML.
15:45:41,863 DEBUG ConfigurationClassBeanDefinitionReader:199 - Skipping loading bean definition for [BeanMethod:name=mongoTemplate,declaringClass=com.portfolio.config.AppConfig]: a definition for bean 'mongoTemplate' already exists. This is likely due to an override in XML.
15:45:42,691 DEBUG ConfigurationClassEnhancer:108 - Successfully enhanced com.portfolio.config.AppConfig; enhanced class name is: com.portfolio.config.AppConfig$$EnhancerByCGLIB$$4839ade1
15:45:42,691 DEBUG ConfigurationClassPostProcessor:359 - Replacing bean definition 'appConfig' existing class name 'com.portfolio.config.AppConfig' with enhanced class name 'com.portfolio.config.AppConfig$$EnhancerByCGLIB$$4839ade1'
15:45:42,707 DEBUG DefaultListableBeanFactory:215 - Creating shared instance of singleton bean 'org.springframework.beans.factory.config.CustomEditorConfigurer#0'
15:45:42,707 DEBUG DefaultListableBeanFactory:435 - Creating instance of bean 'org.springframework.beans.factory.config.CustomEditorConfigurer#0'
15:45:42,707 DEBUG DefaultListableBeanFactory:509 - Eagerly caching bean 'org.springframework.beans.factory.config.CustomEditorConfigurer#0' to allow for resolving potential circular references
15:45:42,785 DEBUG DefaultListableBeanFactory:463 - Finished creating instance of bean 'org.springframework.beans.factory.config.CustomEditorConfigurer#0'
15:45:42,785 DEBUG DefaultListableBeanFactory:215 - Creating shared instance of singleton bean 'org.springframework.beans.factory.config.CustomEditorConfigurer#1'
15:45:42,785 DEBUG DefaultListableBeanFactory:435 - Creating instance of bean 'org.springframework.beans.factory.config.CustomEditorConfigurer#1'
15:45:42,785 DEBUG DefaultListableBeanFactory:509 - Eagerly caching bean 'org.springframework.beans.factory.config.CustomEditorConfigurer#1' to allow for resolving potential circular references
15:45:42,785 DEBUG DefaultListableBeanFactory:463 - Finished creating instance of bean 'org.springframework.beans.factory.config.CustomEditorConfigurer#1'
15:45:42,785 DEBUG DefaultListableBeanFactory:215 - Creating shared instance of singleton bean 'org.springframework.beans.factory.config.CustomEditorConfigurer#2'
15:45:42,785 DEBUG DefaultListableBeanFactory:435 - Creating instance of bean 'org.springframework.beans.factory.config.CustomEditorConfigurer#2'
15:45:42,785 DEBUG DefaultListableBeanFactory:509 - Eagerly caching bean 'org.springframework.beans.factory.config.CustomEditorConfigurer#2' to allow for resolving potential circular references
15:45:42,785 DEBUG DefaultListableBeanFactory:463 - Finished creating instance of bean 'org.springframework.beans.factory.config.CustomEditorConfigurer#2'
15:45:42,832 DEBUG DefaultListableBeanFactory:215 - Creating shared instance of singleton bean 'org.springframework.context.annotation.internalAutowiredAnnotationProcessor'
15:45:42,832 DEBUG DefaultListableBeanFactory:435 - Creating instance of bean 'org.springframework.context.annotation.internalAutowiredAnnotationProcessor'
15:45:42,832 DEBUG DefaultListableBeanFactory:509 - Eagerly caching bean 'org.springframework.context.annotation.internalAutowiredAnnotationProcessor' to allow for resolving potential circular references
15:45:42,832 DEBUG DefaultListableBeanFactory:463 - Finished creating instance of bean 'org.springframework.context.annotation.internalAutowiredAnnotationProcessor'
15:45:42,832 DEBUG DefaultListableBeanFactory:215 - Creating shared instance of singleton bean 'org.springframework.context.annotation.internalRequiredAnnotationProcessor'
15:45:42,832 DEBUG DefaultListableBeanFactory:435 - Creating instance of bean 'org.springframework.context.annotation.internalRequiredAnnotationProcessor'
15:45:42,832 DEBUG DefaultListableBeanFactory:509 - Eagerly caching bean 'org.springframework.context.annotation.internalRequiredAnnotationProcessor' to allow for resolving potential circular references
15:45:42,832 DEBUG DefaultListableBeanFactory:463 - Finished creating instance of bean 'org.springframework.context.annotation.internalRequiredAnnotationProcessor'
15:45:42,832 DEBUG DefaultListableBeanFactory:215 - Creating shared instance of singleton bean 'org.springframework.context.annotation.internalCommonAnnotationProcessor'
15:45:42,832 DEBUG DefaultListableBeanFactory:435 - Creating instance of bean 'org.springframework.context.annotation.internalCommonAnnotationProcessor'
15:45:42,879 DEBUG DefaultListableBeanFactory:509 - Eagerly caching bean 'org.springframework.context.annotation.internalCommonAnnotationProcessor' to allow for resolving potential circular references
15:45:42,879 DEBUG DefaultListableBeanFactory:463 - Finished creating instance of bean 'org.springframework.context.annotation.internalCommonAnnotationProcessor'
15:45:42,879 DEBUG DefaultListableBeanFactory:215 - Creating shared instance of singleton bean 'org.springframework.context.annotation.ConfigurationClassPostProcessor.importAwareProcessor'
15:45:42,879 DEBUG DefaultListableBeanFactory:435 - Creating instance of bean 'org.springframework.context.annotation.ConfigurationClassPostProcessor.importAwareProcessor'
15:45:42,879 DEBUG DefaultListableBeanFactory:509 - Eagerly caching bean 'org.springframework.context.annotation.ConfigurationClassPostProcessor.importAwareProcessor' to allow for resolving potential circular references
15:45:42,879 DEBUG DefaultListableBeanFactory:463 - Finished creating instance of bean 'org.springframework.context.annotation.ConfigurationClassPostProcessor.importAwareProcessor'
15:45:42,879 DEBUG DefaultListableBeanFactory:215 - Creating shared instance of singleton bean 'org.springframework.aop.config.internalAutoProxyCreator'
15:45:42,879 DEBUG DefaultListableBeanFactory:435 - Creating instance of bean 'org.springframework.aop.config.internalAutoProxyCreator'
15:45:43,066 DEBUG DefaultListableBeanFactory:509 - Eagerly caching bean 'org.springframework.aop.config.internalAutoProxyCreator' to allow for resolving potential circular references
15:45:43,097 DEBUG DefaultListableBeanFactory:463 - Finished creating instance of bean 'org.springframework.aop.config.internalAutoProxyCreator'
15:45:43,113 DEBUG GenericWebApplicationContext:807 - Unable to locate MessageSource with name 'messageSource': using default [org.springframework.context.support.DelegatingMessageSource@46c14f]
15:45:43,113 DEBUG GenericWebApplicationContext:831 - Unable to locate ApplicationEventMulticaster with name 'applicationEventMulticaster': using default [org.springframework.context.event.SimpleApplicationEventMulticaster@1daf0bf]
15:45:43,129 DEBUG UiApplicationContextUtils:85 - Unable to locate ThemeSource with name 'themeSource': using default [org.springframework.ui.context.support.ResourceBundleThemeSource@c246b0]
15:45:43,129  INFO DefaultListableBeanFactory:577 - Pre-instantiating singletons in org.springframework.beans.factory.support.DefaultListableBeanFactory@bf5dc1: defining beans [appConfig,portfolioController,contactMeDao,portfolioDao,mailService,contactMeSvcImpl,portfolioSvcImpl,jsonUtils,org.springframework.context.annotation.internalConfigurationAnnotationProcessor,org.springframework.context.annotation.internalAutowiredAnnotationProcessor,org.springframework.context.annotation.internalRequiredAnnotationProcessor,org.springframework.context.annotation.internalCommonAnnotationProcessor,org.springframework.aop.config.internalAutoProxyCreator,mongo,org.springframework.beans.factory.config.CustomEditorConfigurer#0,org.springframework.beans.factory.config.CustomEditorConfigurer#1,org.springframework.beans.factory.config.CustomEditorConfigurer#2,mongoDbFactory,mongoTemplate,org.springframework.web.servlet.view.InternalResourceViewResolver#0,logAspect,mapper,mailSender,preConfiguredMessage,org.springframework.context.annotation.ConfigurationClassPostProcessor.importAwareProcessor]; root of factory hierarchy
15:45:43,129 DEBUG DefaultListableBeanFactory:215 - Creating shared instance of singleton bean 'appConfig'
15:45:43,129 DEBUG DefaultListableBeanFactory:435 - Creating instance of bean 'appConfig'
15:45:43,285 DEBUG ReflectiveAspectJAdvisorFactory:215 - Found AspectJ method: public java.lang.Object com.portfolio.aspect.LoggingAspect.doMethodLogging(org.aspectj.lang.ProceedingJoinPoint) throws java.lang.Throwable
15:45:43,285 DEBUG ReflectiveAspectJAdvisorFactory:215 - Found AspectJ method: public void com.portfolio.aspect.LoggingAspect.doExceptionLogging(org.aspectj.lang.JoinPoint,com.portfolio.exception.ApplicationException)
15:45:43,457 DEBUG DefaultListableBeanFactory:509 - Eagerly caching bean 'appConfig' to allow for resolving potential circular references
15:45:44,551 DEBUG AnnotationAwareAspectJAutoProxyCreator:534 - Creating implicit proxy for bean 'appConfig' with 0 common interceptors and 3 specific interceptors
15:45:44,551 DEBUG JdkDynamicAopProxy:115 - Creating JDK dynamic proxy: target source is SingletonTargetSource for target object [com.portfolio.config.AppConfig$$EnhancerByCGLIB$$4839ade1@e376e1]
15:45:44,566 DEBUG DefaultListableBeanFactory:463 - Finished creating instance of bean 'appConfig'
15:45:44,566 DEBUG DefaultListableBeanFactory:215 - Creating shared instance of singleton bean 'portfolioController'
15:45:44,566 DEBUG DefaultListableBeanFactory:435 - Creating instance of bean 'portfolioController'
15:45:44,597 DEBUG InjectionMetadata:71 - Registered injected element on class [com.portfolio.controller.PortfolioController]: AutowiredFieldElement for protected com.portfolio.utils.JsonUtils com.portfolio.controller.GenericController.jsonUtils
15:45:44,597 DEBUG InjectionMetadata:71 - Registered injected element on class [com.portfolio.controller.PortfolioController]: AutowiredFieldElement for protected com.portfolio.service.PortfolioSvc com.portfolio.controller.GenericController.portfolioSvc
15:45:44,597 DEBUG InjectionMetadata:71 - Registered injected element on class [com.portfolio.controller.PortfolioController]: AutowiredFieldElement for protected com.portfolio.mail.ApplicationMailer com.portfolio.controller.GenericController.mailer
15:45:44,597 DEBUG DefaultListableBeanFactory:509 - Eagerly caching bean 'portfolioController' to allow for resolving potential circular references
15:45:44,597 DEBUG InjectionMetadata:85 - Processing injected method of bean 'portfolioController': AutowiredFieldElement for protected com.portfolio.utils.JsonUtils com.portfolio.controller.GenericController.jsonUtils
15:45:44,629 DEBUG DefaultListableBeanFactory:215 - Creating shared instance of singleton bean 'jsonUtils'
15:45:44,629 DEBUG DefaultListableBeanFactory:435 - Creating instance of bean 'jsonUtils'
15:45:44,629 DEBUG InjectionMetadata:71 - Registered injected element on class [com.portfolio.utils.JsonUtils]: AutowiredFieldElement for private org.codehaus.jackson.map.ObjectMapper com.portfolio.utils.JsonUtils.mapper
15:45:44,629 DEBUG DefaultListableBeanFactory:509 - Eagerly caching bean 'jsonUtils' to allow for resolving potential circular references
15:45:44,629 DEBUG InjectionMetadata:85 - Processing injected method of bean 'jsonUtils': AutowiredFieldElement for private org.codehaus.jackson.map.ObjectMapper com.portfolio.utils.JsonUtils.mapper
15:45:44,629 DEBUG DefaultListableBeanFactory:215 - Creating shared instance of singleton bean 'mapper'
15:45:44,629 DEBUG DefaultListableBeanFactory:435 - Creating instance of bean 'mapper'
15:45:46,269 DEBUG DefaultListableBeanFactory:509 - Eagerly caching bean 'mapper' to allow for resolving potential circular references
15:45:46,426 DEBUG DefaultListableBeanFactory:463 - Finished creating instance of bean 'mapper'
15:45:46,426 DEBUG AutowiredAnnotationBeanPostProcessor:433 - Autowiring by type from bean name 'jsonUtils' to bean named 'mapper'
15:45:46,426 DEBUG AnnotationAwareAspectJAutoProxyCreator:534 - Creating implicit proxy for bean 'jsonUtils' with 0 common interceptors and 3 specific interceptors
15:45:46,457 DEBUG CglibAopProxy:155 - Creating CGLIB proxy: target source is SingletonTargetSource for target object [com.portfolio.utils.JsonUtils@156afa8]
15:45:46,472 DEBUG CglibAopProxy:808 - Unable to apply any optimisations to advised method: public java.lang.Object com.portfolio.utils.JsonUtils.toObject(java.lang.String,java.lang.Class) throws com.portfolio.exception.ApplicationException
15:45:46,472 DEBUG CglibAopProxy:808 - Unable to apply any optimisations to advised method: public java.lang.Object com.portfolio.utils.JsonUtils.toObject(java.io.File,java.lang.Class) throws com.portfolio.exception.ApplicationException
15:45:46,472 DEBUG CglibAopProxy:808 - Unable to apply any optimisations to advised method: public java.lang.String com.portfolio.utils.JsonUtils.toJson(java.lang.Object) throws com.portfolio.exception.ApplicationException
15:45:46,472 DEBUG CglibAopProxy:776 - Found 'hashCode' method: public native int java.lang.Object.hashCode()
15:45:46,472 DEBUG CglibAopProxy:771 - Found 'equals' method: public boolean java.lang.Object.equals(java.lang.Object)
15:45:46,472 DEBUG CglibAopProxy:808 - Unable to apply any optimisations to advised method: protected native java.lang.Object java.lang.Object.clone() throws java.lang.CloneNotSupportedException
15:45:46,472 DEBUG CglibAopProxy:808 - Unable to apply any optimisations to advised method: public java.lang.String java.lang.Object.toString()
15:45:46,472 DEBUG CglibAopProxy:759 - Found finalize() method - using NO_OVERRIDE
15:45:46,472 DEBUG CglibAopProxy:765 - Method is declared on Advised interface: public abstract boolean org.springframework.aop.framework.Advised.removeAdvisor(org.springframework.aop.Advisor)
15:45:46,472 DEBUG CglibAopProxy:765 - Method is declared on Advised interface: public abstract void org.springframework.aop.framework.Advised.removeAdvisor(int) throws org.springframework.aop.framework.AopConfigException
15:45:46,472 DEBUG CglibAopProxy:765 - Method is declared on Advised interface: public abstract java.lang.Class[] org.springframework.aop.framework.Advised.getProxiedInterfaces()
15:45:46,472 DEBUG CglibAopProxy:765 - Method is declared on Advised interface: public abstract boolean org.springframework.aop.framework.Advised.isInterfaceProxied(java.lang.Class)
15:45:46,472 DEBUG CglibAopProxy:765 - Method is declared on Advised interface: public abstract boolean org.springframework.aop.framework.Advised.replaceAdvisor(org.springframework.aop.Advisor,org.springframework.aop.Advisor) throws org.springframework.aop.framework.AopConfigException
15:45:46,472 DEBUG CglibAopProxy:765 - Method is declared on Advised interface: public abstract java.lang.String org.springframework.aop.framework.Advised.toProxyConfigString()
15:45:46,472 DEBUG CglibAopProxy:765 - Method is declared on Advised interface: public abstract boolean org.springframework.aop.framework.Advised.removeAdvice(org.aopalliance.aop.Advice)
15:45:46,472 DEBUG CglibAopProxy:765 - Method is declared on Advised interface: public abstract boolean org.springframework.aop.framework.Advised.isPreFiltered()
15:45:46,472 DEBUG CglibAopProxy:765 - Method is declared on Advised interface: public abstract void org.springframework.aop.framework.Advised.addAdvice(int,org.aopalliance.aop.Advice) throws org.springframework.aop.framework.AopConfigException
15:45:46,472 DEBUG CglibAopProxy:765 - Method is declared on Advised interface: public abstract void org.springframework.aop.framework.Advised.addAdvice(org.aopalliance.aop.Advice) throws org.springframework.aop.framework.AopConfigException
15:45:46,472 DEBUG CglibAopProxy:765 - Method is declared on Advised interface: public abstract void org.springframework.aop.framework.Advised.setExposeProxy(boolean)
15:45:46,472 DEBUG CglibAopProxy:765 - Method is declared on Advised interface: public abstract boolean org.springframework.aop.framework.Advised.isExposeProxy()
15:45:46,472 DEBUG CglibAopProxy:765 - Method is declared on Advised interface: public abstract org.springframework.aop.TargetSource org.springframework.aop.framework.Advised.getTargetSource()
15:45:46,472 DEBUG CglibAopProxy:765 - Method is declared on Advised interface: public abstract void org.springframework.aop.framework.Advised.addAdvisor(int,org.springframework.aop.Advisor) throws org.springframework.aop.framework.AopConfigException
15:45:46,472 DEBUG CglibAopProxy:765 - Method is declared on Advised interface: public abstract void org.springframework.aop.framework.Advised.addAdvisor(org.springframework.aop.Advisor) throws org.springframework.aop.framework.AopConfigException
15:45:46,472 DEBUG CglibAopProxy:765 - Method is declared on Advised interface: public abstract void org.springframework.aop.framework.Advised.setTargetSource(org.springframework.aop.TargetSource)
15:45:46,488 DEBUG CglibAopProxy:765 - Method is declared on Advised interface: public abstract void org.springframework.aop.framework.Advised.setPreFiltered(boolean)
15:45:46,488 DEBUG CglibAopProxy:765 - Method is declared on Advised interface: public abstract boolean org.springframework.aop.framework.Advised.isProxyTargetClass()
15:45:46,488 DEBUG CglibAopProxy:765 - Method is declared on Advised interface: public abstract org.springframework.aop.Advisor[] org.springframework.aop.framework.Advised.getAdvisors()
15:45:46,488 DEBUG CglibAopProxy:765 - Method is declared on Advised interface: public abstract int org.springframework.aop.framework.Advised.indexOf(org.springframework.aop.Advisor)
15:45:46,488 DEBUG CglibAopProxy:765 - Method is declared on Advised interface: public abstract int org.springframework.aop.framework.Advised.indexOf(org.aopalliance.aop.Advice)
15:45:46,488 DEBUG CglibAopProxy:765 - Method is declared on Advised interface: public abstract boolean org.springframework.aop.framework.Advised.isFrozen()
15:45:46,488 DEBUG CglibAopProxy:765 - Method is declared on Advised interface: public abstract java.lang.Class org.springframework.aop.TargetClassAware.getTargetClass()
15:45:46,504 DEBUG DefaultListableBeanFactory:463 - Finished creating instance of bean 'jsonUtils'
15:45:46,504 DEBUG AutowiredAnnotationBeanPostProcessor:433 - Autowiring by type from bean name 'portfolioController' to bean named 'jsonUtils'
15:45:46,504 DEBUG InjectionMetadata:85 - Processing injected method of bean 'portfolioController': AutowiredFieldElement for protected com.portfolio.service.PortfolioSvc com.portfolio.controller.GenericController.portfolioSvc
15:45:46,504 DEBUG DefaultListableBeanFactory:215 - Creating shared instance of singleton bean 'portfolioSvcImpl'
15:45:46,504 DEBUG DefaultListableBeanFactory:435 - Creating instance of bean 'portfolioSvcImpl'
15:45:46,504 DEBUG InjectionMetadata:71 - Registered injected element on class [com.portfolio.service.impl.PortfolioSvcImpl]: AutowiredFieldElement for private com.portfolio.dao.PortfolioDao com.portfolio.service.impl.PortfolioSvcImpl.portfolioDao
15:45:46,504 DEBUG DefaultListableBeanFactory:509 - Eagerly caching bean 'portfolioSvcImpl' to allow for resolving potential circular references
15:45:46,519 DEBUG InjectionMetadata:85 - Processing injected method of bean 'portfolioSvcImpl': AutowiredFieldElement for private com.portfolio.dao.PortfolioDao com.portfolio.service.impl.PortfolioSvcImpl.portfolioDao
15:45:46,519 DEBUG DefaultListableBeanFactory:215 - Creating shared instance of singleton bean 'portfolioDao'
15:45:46,519 DEBUG DefaultListableBeanFactory:435 - Creating instance of bean 'portfolioDao'
15:45:46,519 DEBUG StandardEnvironment:112 - Initializing new StandardEnvironment
15:45:46,519 DEBUG StandardEnvironment:107 - Adding [systemProperties] PropertySource with lowest search precedence
15:45:46,519 DEBUG StandardEnvironment:107 - Adding [systemEnvironment] PropertySource with lowest search precedence
15:45:46,519 DEBUG StandardEnvironment:116 - Initialized StandardEnvironment with PropertySources [systemProperties,systemEnvironment]
15:45:46,519  INFO AnnotationConfigApplicationContext:510 - Refreshing org.springframework.context.annotation.AnnotationConfigApplicationContext@bd5ae: startup date [Mon Mar 17 15:45:46 EST 2014]; root of context hierarchy
15:45:46,519 DEBUG AnnotationConfigApplicationContext:540 - Bean factory for org.springframework.context.annotation.AnnotationConfigApplicationContext@bd5ae: org.springframework.beans.factory.support.DefaultListableBeanFactory@299c3e: defining beans [org.springframework.context.annotation.internalConfigurationAnnotationProcessor,org.springframework.context.annotation.internalAutowiredAnnotationProcessor,org.springframework.context.annotation.internalRequiredAnnotationProcessor,org.springframework.context.annotation.internalCommonAnnotationProcessor,appConfig]; root of factory hierarchy
15:45:46,519 DEBUG DefaultListableBeanFactory:215 - Creating shared instance of singleton bean 'org.springframework.context.annotation.internalConfigurationAnnotationProcessor'
15:45:46,519 DEBUG DefaultListableBeanFactory:435 - Creating instance of bean 'org.springframework.context.annotation.internalConfigurationAnnotationProcessor'
15:45:46,519 DEBUG DefaultListableBeanFactory:509 - Eagerly caching bean 'org.springframework.context.annotation.internalConfigurationAnnotationProcessor' to allow for resolving potential circular references
15:45:46,519 DEBUG DefaultListableBeanFactory:463 - Finished creating instance of bean 'org.springframework.context.annotation.internalConfigurationAnnotationProcessor'
15:45:46,535 DEBUG ConfigurationClassBeanDefinitionReader:263 - Registering bean definition for @Bean method com.portfolio.config.AppConfig.mongoTemplate()
15:45:46,535 DEBUG ConfigurationClassBeanDefinitionReader:263 - Registering bean definition for @Bean method com.portfolio.config.AppConfig.mongoDbFactory()
15:45:46,535 DEBUG ConfigurationClassEnhancer:108 - Successfully enhanced com.portfolio.config.AppConfig; enhanced class name is: com.portfolio.config.AppConfig$$EnhancerByCGLIB$$4839ade1
15:45:46,535 DEBUG ConfigurationClassPostProcessor:359 - Replacing bean definition 'appConfig' existing class name 'com.portfolio.config.AppConfig' with enhanced class name 'com.portfolio.config.AppConfig$$EnhancerByCGLIB$$4839ade1'
15:45:46,535 DEBUG GenericTypeResolver:151 - Resolving return type for [public final org.springframework.data.mongodb.core.MongoTemplate com.portfolio.config.AppConfig$$EnhancerByCGLIB$$4839ade1.mongoTemplate() throws java.lang.Exception] with concrete method arguments [{}].
15:45:46,535 DEBUG GenericTypeResolver:151 - Resolving return type for [public final org.springframework.data.mongodb.core.MongoTemplate com.portfolio.config.AppConfig$$EnhancerByCGLIB$$4839ade1.mongoTemplate() throws java.lang.Exception] with concrete method arguments [{}].
15:45:46,535 DEBUG GenericTypeResolver:151 - Resolving return type for [public final org.springframework.data.mongodb.MongoDbFactory com.portfolio.config.AppConfig$$EnhancerByCGLIB$$4839ade1.mongoDbFactory() throws java.lang.Exception] with concrete method arguments [{}].
15:45:46,535 DEBUG GenericTypeResolver:151 - Resolving return type for [public final org.springframework.data.mongodb.MongoDbFactory com.portfolio.config.AppConfig$$EnhancerByCGLIB$$4839ade1.mongoDbFactory() throws java.lang.Exception] with concrete method arguments [{}].
15:45:46,535 DEBUG GenericTypeResolver:151 - Resolving return type for [public final org.springframework.data.mongodb.core.MongoTemplate com.portfolio.config.AppConfig$$EnhancerByCGLIB$$4839ade1.mongoTemplate() throws java.lang.Exception] with concrete method arguments [{}].
15:45:46,535 DEBUG GenericTypeResolver:151 - Resolving return type for [public final org.springframework.data.mongodb.core.MongoTemplate com.portfolio.config.AppConfig$$EnhancerByCGLIB$$4839ade1.mongoTemplate() throws java.lang.Exception] with concrete method arguments [{}].
15:45:46,535 DEBUG GenericTypeResolver:151 - Resolving return type for [public final org.springframework.data.mongodb.MongoDbFactory com.portfolio.config.AppConfig$$EnhancerByCGLIB$$4839ade1.mongoDbFactory() throws java.lang.Exception] with concrete method arguments [{}].
15:45:46,535 DEBUG GenericTypeResolver:151 - Resolving return type for [public final org.springframework.data.mongodb.MongoDbFactory com.portfolio.config.AppConfig$$EnhancerByCGLIB$$4839ade1.mongoDbFactory() throws java.lang.Exception] with concrete method arguments [{}].
15:45:46,535 DEBUG DefaultListableBeanFactory:215 - Creating shared instance of singleton bean 'org.springframework.context.annotation.internalAutowiredAnnotationProcessor'
15:45:46,535 DEBUG DefaultListableBeanFactory:435 - Creating instance of bean 'org.springframework.context.annotation.internalAutowiredAnnotationProcessor'
15:45:46,535 DEBUG DefaultListableBeanFactory:509 - Eagerly caching bean 'org.springframework.context.annotation.internalAutowiredAnnotationProcessor' to allow for resolving potential circular references
15:45:46,535 DEBUG DefaultListableBeanFactory:463 - Finished creating instance of bean 'org.springframework.context.annotation.internalAutowiredAnnotationProcessor'
15:45:46,535 DEBUG DefaultListableBeanFactory:215 - Creating shared instance of singleton bean 'org.springframework.context.annotation.internalRequiredAnnotationProcessor'
15:45:46,535 DEBUG DefaultListableBeanFactory:435 - Creating instance of bean 'org.springframework.context.annotation.internalRequiredAnnotationProcessor'
15:45:46,535 DEBUG DefaultListableBeanFactory:509 - Eagerly caching bean 'org.springframework.context.annotation.internalRequiredAnnotationProcessor' to allow for resolving potential circular references
15:45:46,535 DEBUG DefaultListableBeanFactory:463 - Finished creating instance of bean 'org.springframework.context.annotation.internalRequiredAnnotationProcessor'
15:45:46,535 DEBUG DefaultListableBeanFactory:215 - Creating shared instance of singleton bean 'org.springframework.context.annotation.internalCommonAnnotationProcessor'
15:45:46,535 DEBUG DefaultListableBeanFactory:435 - Creating instance of bean 'org.springframework.context.annotation.internalCommonAnnotationProcessor'
15:45:46,535 DEBUG DefaultListableBeanFactory:509 - Eagerly caching bean 'org.springframework.context.annotation.internalCommonAnnotationProcessor' to allow for resolving potential circular references
15:45:46,535 DEBUG DefaultListableBeanFactory:463 - Finished creating instance of bean 'org.springframework.context.annotation.internalCommonAnnotationProcessor'
15:45:46,535 DEBUG DefaultListableBeanFactory:215 - Creating shared instance of singleton bean 'org.springframework.context.annotation.ConfigurationClassPostProcessor.importAwareProcessor'
15:45:46,535 DEBUG DefaultListableBeanFactory:435 - Creating instance of bean 'org.springframework.context.annotation.ConfigurationClassPostProcessor.importAwareProcessor'
15:45:46,535 DEBUG DefaultListableBeanFactory:509 - Eagerly caching bean 'org.springframework.context.annotation.ConfigurationClassPostProcessor.importAwareProcessor' to allow for resolving potential circular references
15:45:46,535 DEBUG DefaultListableBeanFactory:463 - Finished creating instance of bean 'org.springframework.context.annotation.ConfigurationClassPostProcessor.importAwareProcessor'
15:45:46,535 DEBUG AnnotationConfigApplicationContext:807 - Unable to locate MessageSource with name 'messageSource': using default [org.springframework.context.support.DelegatingMessageSource@191d41b]
15:45:46,535 DEBUG AnnotationConfigApplicationContext:831 - Unable to locate ApplicationEventMulticaster with name 'applicationEventMulticaster': using default [org.springframework.context.event.SimpleApplicationEventMulticaster@fc48ce]
15:45:46,535 DEBUG GenericTypeResolver:151 - Resolving return type for [public final org.springframework.data.mongodb.core.MongoTemplate com.portfolio.config.AppConfig$$EnhancerByCGLIB$$4839ade1.mongoTemplate() throws java.lang.Exception] with concrete method arguments [{}].
15:45:46,535 DEBUG GenericTypeResolver:151 - Resolving return type for [public final org.springframework.data.mongodb.core.MongoTemplate com.portfolio.config.AppConfig$$EnhancerByCGLIB$$4839ade1.mongoTemplate() throws java.lang.Exception] with concrete method arguments [{}].
15:45:46,535 DEBUG GenericTypeResolver:151 - Resolving return type for [public final org.springframework.data.mongodb.MongoDbFactory com.portfolio.config.AppConfig$$EnhancerByCGLIB$$4839ade1.mongoDbFactory() throws java.lang.Exception] with concrete method arguments [{}].
15:45:46,551 DEBUG GenericTypeResolver:151 - Resolving return type for [public final org.springframework.data.mongodb.MongoDbFactory com.portfolio.config.AppConfig$$EnhancerByCGLIB$$4839ade1.mongoDbFactory() throws java.lang.Exception] with concrete method arguments [{}].
15:45:46,551 DEBUG GenericTypeResolver:151 - Resolving return type for [public final org.springframework.data.mongodb.core.MongoTemplate com.portfolio.config.AppConfig$$EnhancerByCGLIB$$4839ade1.mongoTemplate() throws java.lang.Exception] with concrete method arguments [{}].
15:45:46,551 DEBUG GenericTypeResolver:151 - Resolving return type for [public final org.springframework.data.mongodb.core.MongoTemplate com.portfolio.config.AppConfig$$EnhancerByCGLIB$$4839ade1.mongoTemplate() throws java.lang.Exception] with concrete method arguments [{}].
15:45:46,551 DEBUG GenericTypeResolver:151 - Resolving return type for [public final org.springframework.data.mongodb.core.MongoTemplate com.portfolio.config.AppConfig$$EnhancerByCGLIB$$4839ade1.mongoTemplate() throws java.lang.Exception] with concrete method arguments [{}].
15:45:46,551 DEBUG GenericTypeResolver:151 - Resolving return type for [public final org.springframework.data.mongodb.MongoDbFactory com.portfolio.config.AppConfig$$EnhancerByCGLIB$$4839ade1.mongoDbFactory() throws java.lang.Exception] with concrete method arguments [{}].
15:45:46,551 DEBUG GenericTypeResolver:151 - Resolving return type for [public final org.springframework.data.mongodb.MongoDbFactory com.portfolio.config.AppConfig$$EnhancerByCGLIB$$4839ade1.mongoDbFactory() throws java.lang.Exception] with concrete method arguments [{}].
15:45:46,551 DEBUG GenericTypeResolver:151 - Resolving return type for [public final org.springframework.data.mongodb.MongoDbFactory com.portfolio.config.AppConfig$$EnhancerByCGLIB$$4839ade1.mongoDbFactory() throws java.lang.Exception] with concrete method arguments [{}].
15:45:46,551  INFO DefaultListableBeanFactory:577 - Pre-instantiating singletons in org.springframework.beans.factory.support.DefaultListableBeanFactory@299c3e: defining beans [org.springframework.context.annotation.internalConfigurationAnnotationProcessor,org.springframework.context.annotation.internalAutowiredAnnotationProcessor,org.springframework.context.annotation.internalRequiredAnnotationProcessor,org.springframework.context.annotation.internalCommonAnnotationProcessor,appConfig,org.springframework.context.annotation.ConfigurationClassPostProcessor.importAwareProcessor,mongoTemplate,mongoDbFactory]; root of factory hierarchy
15:45:46,551 DEBUG DefaultListableBeanFactory:246 - Returning cached instance of singleton bean 'org.springframework.context.annotation.internalConfigurationAnnotationProcessor'
15:45:46,551 DEBUG DefaultListableBeanFactory:246 - Returning cached instance of singleton bean 'org.springframework.context.annotation.internalAutowiredAnnotationProcessor'
15:45:46,551 DEBUG DefaultListableBeanFactory:246 - Returning cached instance of singleton bean 'org.springframework.context.annotation.internalRequiredAnnotationProcessor'
15:45:46,551 DEBUG DefaultListableBeanFactory:246 - Returning cached instance of singleton bean 'org.springframework.context.annotation.internalCommonAnnotationProcessor'
15:45:46,551 DEBUG DefaultListableBeanFactory:215 - Creating shared instance of singleton bean 'appConfig'
15:45:46,551 DEBUG DefaultListableBeanFactory:435 - Creating instance of bean 'appConfig'
15:45:46,551 DEBUG DefaultListableBeanFactory:509 - Eagerly caching bean 'appConfig' to allow for resolving potential circular references
15:45:46,551 DEBUG DefaultListableBeanFactory:463 - Finished creating instance of bean 'appConfig'
15:45:46,551 DEBUG DefaultListableBeanFactory:246 - Returning cached instance of singleton bean 'org.springframework.context.annotation.ConfigurationClassPostProcessor.importAwareProcessor'
15:45:46,551 DEBUG GenericTypeResolver:151 - Resolving return type for [public final org.springframework.data.mongodb.core.MongoTemplate com.portfolio.config.AppConfig$$EnhancerByCGLIB$$4839ade1.mongoTemplate() throws java.lang.Exception] with concrete method arguments [{}].
15:45:46,551 DEBUG DefaultListableBeanFactory:215 - Creating shared instance of singleton bean 'mongoTemplate'
15:45:46,551 DEBUG DefaultListableBeanFactory:435 - Creating instance of bean 'mongoTemplate'
15:45:46,566 DEBUG DefaultListableBeanFactory:246 - Returning cached instance of singleton bean 'appConfig'
15:45:46,566 DEBUG GenericTypeResolver:151 - Resolving return type for [public final org.springframework.data.mongodb.core.MongoTemplate com.portfolio.config.AppConfig$$EnhancerByCGLIB$$4839ade1.mongoTemplate() throws java.lang.Exception] with concrete method arguments [{}].
15:45:46,785 DEBUG GenericTypeResolver:151 - Resolving return type for [public final org.springframework.data.mongodb.MongoDbFactory com.portfolio.config.AppConfig$$EnhancerByCGLIB$$4839ade1.mongoDbFactory() throws java.lang.Exception] with concrete method arguments [{}].
15:45:46,785 DEBUG DefaultListableBeanFactory:215 - Creating shared instance of singleton bean 'mongoDbFactory'
15:45:46,785 DEBUG DefaultListableBeanFactory:435 - Creating instance of bean 'mongoDbFactory'
15:45:46,785 DEBUG DefaultListableBeanFactory:246 - Returning cached instance of singleton bean 'appConfig'
15:45:46,785 DEBUG GenericTypeResolver:151 - Resolving return type for [public final org.springframework.data.mongodb.MongoDbFactory com.portfolio.config.AppConfig$$EnhancerByCGLIB$$4839ade1.mongoDbFactory() throws java.lang.Exception] with concrete method arguments [{}].
15:45:47,222 DEBUG DefaultListableBeanFactory:509 - Eagerly caching bean 'mongoDbFactory' to allow for resolving potential circular references
15:45:47,222 DEBUG DefaultListableBeanFactory:463 - Finished creating instance of bean 'mongoDbFactory'
15:45:47,629 DEBUG DefaultListableBeanFactory:509 - Eagerly caching bean 'mongoTemplate' to allow for resolving potential circular references
15:45:47,629 DEBUG GenericTypeResolver:151 - Resolving return type for [public final org.springframework.data.mongodb.core.MongoTemplate com.portfolio.config.AppConfig$$EnhancerByCGLIB$$4839ade1.mongoTemplate() throws java.lang.Exception] with concrete method arguments [{}].
15:45:47,629 DEBUG GenericTypeResolver:151 - Resolving return type for [public final org.springframework.data.mongodb.core.MongoTemplate com.portfolio.config.AppConfig$$EnhancerByCGLIB$$4839ade1.mongoTemplate() throws java.lang.Exception] with concrete method arguments [{}].
15:45:47,629 DEBUG GenericTypeResolver:151 - Resolving return type for [public final org.springframework.data.mongodb.MongoDbFactory com.portfolio.config.AppConfig$$EnhancerByCGLIB$$4839ade1.mongoDbFactory() throws java.lang.Exception] with concrete method arguments [{}].
15:45:47,629 DEBUG DefaultListableBeanFactory:463 - Finished creating instance of bean 'mongoTemplate'
15:45:47,629 DEBUG DefaultListableBeanFactory:246 - Returning cached instance of singleton bean 'mongoDbFactory'
15:45:47,660 DEBUG AnnotationConfigApplicationContext:858 - Unable to locate LifecycleProcessor with name 'lifecycleProcessor': using default [org.springframework.context.support.DefaultLifecycleProcessor@12d5b7f]
15:45:47,660 DEBUG GenericTypeResolver:151 - Resolving return type for [public final org.springframework.data.mongodb.core.MongoTemplate com.portfolio.config.AppConfig$$EnhancerByCGLIB$$4839ade1.mongoTemplate() throws java.lang.Exception] with concrete method arguments [{}].
15:45:47,660 DEBUG GenericTypeResolver:151 - Resolving return type for [public final org.springframework.data.mongodb.MongoDbFactory com.portfolio.config.AppConfig$$EnhancerByCGLIB$$4839ade1.mongoDbFactory() throws java.lang.Exception] with concrete method arguments [{}].
15:45:47,660 DEBUG DefaultListableBeanFactory:246 - Returning cached instance of singleton bean 'lifecycleProcessor'
15:45:47,691 DEBUG PropertySourcesPropertyResolver:70 - Searching for key 'spring.liveBeansView.mbeanDomain' in [systemProperties]
15:45:47,691 DEBUG PropertySourcesPropertyResolver:70 - Searching for key 'spring.liveBeansView.mbeanDomain' in [systemEnvironment]
15:45:47,691 DEBUG PropertySourcesPropertyResolver:93 - Could not find key 'spring.liveBeansView.mbeanDomain' in any property source. Returning [null]
15:45:47,691 DEBUG DefaultListableBeanFactory:246 - Returning cached instance of singleton bean 'mongoTemplate'
15:45:47,691 DEBUG DefaultListableBeanFactory:509 - Eagerly caching bean 'portfolioDao' to allow for resolving potential circular references
15:45:47,691 DEBUG AnnotationAwareAspectJAutoProxyCreator:534 - Creating implicit proxy for bean 'portfolioDao' with 0 common interceptors and 3 specific interceptors
15:45:47,691 DEBUG CglibAopProxy:155 - Creating CGLIB proxy: target source is SingletonTargetSource for target object [com.portfolio.dao.PortfolioDao@ad9f8a]
15:45:47,691 DEBUG CglibAopProxy:808 - Unable to apply any optimisations to advised method: public com.portfolio.model.Portfolio com.portfolio.dao.PortfolioDao.findOne(java.lang.String)
15:45:47,691 DEBUG CglibAopProxy:808 - Unable to apply any optimisations to advised method: public java.util.List com.portfolio.dao.PortfolioDao.findAll()
15:45:47,691 DEBUG CglibAopProxy:808 - Unable to apply any optimisations to advised method: public java.util.List com.portfolio.dao.PortfolioDao.find(java.lang.String)
15:45:47,691 DEBUG CglibAopProxy:808 - Unable to apply any optimisations to advised method: public void com.portfolio.dao.PortfolioDao.remove(java.lang.String)
15:45:47,691 DEBUG CglibAopProxy:808 - Unable to apply any optimisations to advised method: public void com.portfolio.dao.PortfolioDao.save(com.portfolio.model.Portfolio)
15:45:47,691 DEBUG CglibAopProxy:808 - Unable to apply any optimisations to advised method: public void com.portfolio.dao.PortfolioDao.save(java.lang.Object)
15:45:47,707 DEBUG CglibAopProxy:808 - Unable to apply any optimisations to advised method: public void com.portfolio.dao.PortfolioDao.update(com.portfolio.model.Portfolio) throws com.portfolio.exception.ApplicationException
15:45:47,707 DEBUG CglibAopProxy:808 - Unable to apply any optimisations to advised method: protected java.lang.Object com.portfolio.dao.GenericDao.findOne(java.lang.Class,org.springframework.data.mongodb.core.query.Criteria)
15:45:47,707 DEBUG CglibAopProxy:808 - Unable to apply any optimisations to advised method: protected java.util.List com.portfolio.dao.GenericDao.findAll(java.lang.Class)
15:45:47,707 DEBUG CglibAopProxy:808 - Unable to apply any optimisations to advised method: protected java.util.List com.portfolio.dao.GenericDao.find(java.lang.Class,org.springframework.data.mongodb.core.query.Criteria)
15:45:47,707 DEBUG CglibAopProxy:808 - Unable to apply any optimisations to advised method: protected void com.portfolio.dao.GenericDao.remove(java.lang.Class,org.springframework.data.mongodb.core.query.Criteria)
15:45:47,707 DEBUG CglibAopProxy:776 - Found 'hashCode' method: public native int java.lang.Object.hashCode()
15:45:47,707 DEBUG CglibAopProxy:771 - Found 'equals' method: public boolean java.lang.Object.equals(java.lang.Object)
15:45:47,707 DEBUG CglibAopProxy:808 - Unable to apply any optimisations to advised method: protected native java.lang.Object java.lang.Object.clone() throws java.lang.CloneNotSupportedException
15:45:47,707 DEBUG CglibAopProxy:808 - Unable to apply any optimisations to advised method: public java.lang.String java.lang.Object.toString()
15:45:47,707 DEBUG CglibAopProxy:759 - Found finalize() method - using NO_OVERRIDE
15:45:47,707 DEBUG CglibAopProxy:765 - Method is declared on Advised interface: public abstract boolean org.springframework.aop.framework.Advised.removeAdvisor(org.springframework.aop.Advisor)
15:45:47,707 DEBUG CglibAopProxy:765 - Method is declared on Advised interface: public abstract void org.springframework.aop.framework.Advised.removeAdvisor(int) throws org.springframework.aop.framework.AopConfigException
15:45:47,707 DEBUG CglibAopProxy:765 - Method is declared on Advised interface: public abstract java.lang.Class[] org.springframework.aop.framework.Advised.getProxiedInterfaces()
15:45:47,707 DEBUG CglibAopProxy:765 - Method is declared on Advised interface: public abstract boolean org.springframework.aop.framework.Advised.isInterfaceProxied(java.lang.Class)
15:45:47,707 DEBUG CglibAopProxy:765 - Method is declared on Advised interface: public abstract boolean org.springframework.aop.framework.Advised.replaceAdvisor(org.springframework.aop.Advisor,org.springframework.aop.Advisor) throws org.springframework.aop.framework.AopConfigException
15:45:47,707 DEBUG CglibAopProxy:765 - Method is declared on Advised interface: public abstract java.lang.String org.springframework.aop.framework.Advised.toProxyConfigString()
15:45:47,707 DEBUG CglibAopProxy:765 - Method is declared on Advised interface: public abstract boolean org.springframework.aop.framework.Advised.removeAdvice(org.aopalliance.aop.Advice)
15:45:47,707 DEBUG CglibAopProxy:765 - Method is declared on Advised interface: public abstract boolean org.springframework.aop.framework.Advised.isPreFiltered()
15:45:47,707 DEBUG CglibAopProxy:765 - Method is declared on Advised interface: public abstract void org.springframework.aop.framework.Advised.addAdvice(int,org.aopalliance.aop.Advice) throws org.springframework.aop.framework.AopConfigException
15:45:47,707 DEBUG CglibAopProxy:765 - Method is declared on Advised interface: public abstract void org.springframework.aop.framework.Advised.addAdvice(org.aopalliance.aop.Advice) throws org.springframework.aop.framework.AopConfigException
15:45:47,707 DEBUG CglibAopProxy:765 - Method is declared on Advised interface: public abstract void org.springframework.aop.framework.Advised.setExposeProxy(boolean)
15:45:47,707 DEBUG CglibAopProxy:765 - Method is declared on Advised interface: public abstract boolean org.springframework.aop.framework.Advised.isExposeProxy()
15:45:47,707 DEBUG CglibAopProxy:765 - Method is declared on Advised interface: public abstract org.springframework.aop.TargetSource org.springframework.aop.framework.Advised.getTargetSource()
15:45:47,707 DEBUG CglibAopProxy:765 - Method is declared on Advised interface: public abstract void org.springframework.aop.framework.Advised.addAdvisor(int,org.springframework.aop.Advisor) throws org.springframework.aop.framework.AopConfigException
15:45:47,707 DEBUG CglibAopProxy:765 - Method is declared on Advised interface: public abstract void org.springframework.aop.framework.Advised.addAdvisor(org.springframework.aop.Advisor) throws org.springframework.aop.framework.AopConfigException
15:45:47,707 DEBUG CglibAopProxy:765 - Method is declared on Advised interface: public abstract void org.springframework.aop.framework.Advised.setTargetSource(org.springframework.aop.TargetSource)
15:45:47,707 DEBUG CglibAopProxy:765 - Method is declared on Advised interface: public abstract void org.springframework.aop.framework.Advised.setPreFiltered(boolean)
15:45:47,707 DEBUG CglibAopProxy:765 - Method is declared on Advised interface: public abstract boolean org.springframework.aop.framework.Advised.isProxyTargetClass()
15:45:47,707 DEBUG CglibAopProxy:765 - Method is declared on Advised interface: public abstract org.springframework.aop.Advisor[] org.springframework.aop.framework.Advised.getAdvisors()
15:45:47,707 DEBUG CglibAopProxy:765 - Method is declared on Advised interface: public abstract int org.springframework.aop.framework.Advised.indexOf(org.springframework.aop.Advisor)
15:45:47,707 DEBUG CglibAopProxy:765 - Method is declared on Advised interface: public abstract int org.springframework.aop.framework.Advised.indexOf(org.aopalliance.aop.Advice)
15:45:47,707 DEBUG CglibAopProxy:765 - Method is declared on Advised interface: public abstract boolean org.springframework.aop.framework.Advised.isFrozen()
15:45:47,707 DEBUG CglibAopProxy:765 - Method is declared on Advised interface: public abstract java.lang.Class org.springframework.aop.TargetClassAware.getTargetClass()
15:45:47,722 DEBUG DefaultListableBeanFactory:463 - Finished creating instance of bean 'portfolioDao'
15:45:47,722 DEBUG AutowiredAnnotationBeanPostProcessor:433 - Autowiring by type from bean name 'portfolioSvcImpl' to bean named 'portfolioDao'
15:45:47,722 DEBUG AnnotationAwareAspectJAutoProxyCreator:534 - Creating implicit proxy for bean 'portfolioSvcImpl' with 0 common interceptors and 3 specific interceptors
15:45:47,722 DEBUG JdkDynamicAopProxy:115 - Creating JDK dynamic proxy: target source is SingletonTargetSource for target object [com.portfolio.service.impl.PortfolioSvcImpl@6a401e]
15:45:47,722 DEBUG DefaultListableBeanFactory:463 - Finished creating instance of bean 'portfolioSvcImpl'
15:45:47,722 DEBUG AutowiredAnnotationBeanPostProcessor:433 - Autowiring by type from bean name 'portfolioController' to bean named 'portfolioSvcImpl'
15:45:47,722 DEBUG InjectionMetadata:85 - Processing injected method of bean 'portfolioController': AutowiredFieldElement for protected com.portfolio.mail.ApplicationMailer com.portfolio.controller.GenericController.mailer
15:45:47,722 DEBUG DefaultListableBeanFactory:215 - Creating shared instance of singleton bean 'mailService'
15:45:47,722 DEBUG DefaultListableBeanFactory:435 - Creating instance of bean 'mailService'
15:45:47,722 DEBUG InjectionMetadata:71 - Registered injected element on class [com.portfolio.mail.ApplicationMailer]: AutowiredFieldElement for private org.springframework.mail.MailSender com.portfolio.mail.ApplicationMailer.mailSender
15:45:47,722 DEBUG InjectionMetadata:71 - Registered injected element on class [com.portfolio.mail.ApplicationMailer]: AutowiredFieldElement for private org.springframework.mail.SimpleMailMessage com.portfolio.mail.ApplicationMailer.preConfiguredMessage
15:45:47,722 DEBUG DefaultListableBeanFactory:509 - Eagerly caching bean 'mailService' to allow for resolving potential circular references
15:45:47,722 DEBUG InjectionMetadata:85 - Processing injected method of bean 'mailService': AutowiredFieldElement for private org.springframework.mail.MailSender com.portfolio.mail.ApplicationMailer.mailSender
15:45:47,722 DEBUG DefaultListableBeanFactory:215 - Creating shared instance of singleton bean 'mailSender'
15:45:47,722 DEBUG DefaultListableBeanFactory:435 - Creating instance of bean 'mailSender'
15:45:48,035 DEBUG DefaultListableBeanFactory:509 - Eagerly caching bean 'mailSender' to allow for resolving potential circular references
15:45:48,066 DEBUG StandardEnvironment:112 - Initializing new StandardEnvironment
15:45:48,066 DEBUG StandardEnvironment:107 - Adding [systemProperties] PropertySource with lowest search precedence
15:45:48,066 DEBUG StandardEnvironment:107 - Adding [systemEnvironment] PropertySource with lowest search precedence
15:45:48,066 DEBUG StandardEnvironment:116 - Initialized StandardEnvironment with PropertySources [systemProperties,systemEnvironment]
15:45:48,066 DEBUG StandardEnvironment:112 - Initializing new StandardEnvironment
15:45:48,066 DEBUG StandardEnvironment:107 - Adding [systemProperties] PropertySource with lowest search precedence
15:45:48,066 DEBUG StandardEnvironment:107 - Adding [systemEnvironment] PropertySource with lowest search precedence
15:45:48,066 DEBUG StandardEnvironment:116 - Initialized StandardEnvironment with PropertySources [systemProperties,systemEnvironment]
15:45:48,066 DEBUG StandardEnvironment:112 - Initializing new StandardEnvironment
15:45:48,066 DEBUG StandardEnvironment:107 - Adding [systemProperties] PropertySource with lowest search precedence
15:45:48,066 DEBUG StandardEnvironment:107 - Adding [systemEnvironment] PropertySource with lowest search precedence
15:45:48,066 DEBUG StandardEnvironment:116 - Initialized StandardEnvironment with PropertySources [systemProperties,systemEnvironment]
15:45:48,082 DEBUG StandardEnvironment:112 - Initializing new StandardEnvironment
15:45:48,082 DEBUG StandardEnvironment:107 - Adding [systemProperties] PropertySource with lowest search precedence
15:45:48,082 DEBUG StandardEnvironment:107 - Adding [systemEnvironment] PropertySource with lowest search precedence
15:45:48,082 DEBUG StandardEnvironment:116 - Initialized StandardEnvironment with PropertySources [systemProperties,systemEnvironment]
15:45:48,082 DEBUG StandardEnvironment:112 - Initializing new StandardEnvironment
15:45:48,082 DEBUG StandardEnvironment:107 - Adding [systemProperties] PropertySource with lowest search precedence
15:45:48,082 DEBUG StandardEnvironment:107 - Adding [systemEnvironment] PropertySource with lowest search precedence
15:45:48,082 DEBUG StandardEnvironment:116 - Initialized StandardEnvironment with PropertySources [systemProperties,systemEnvironment]
15:45:48,097 DEBUG DefaultListableBeanFactory:463 - Finished creating instance of bean 'mailSender'
15:45:48,097 DEBUG AutowiredAnnotationBeanPostProcessor:433 - Autowiring by type from bean name 'mailService' to bean named 'mailSender'
[...]
15:45:51,535 DEBUG StandardServletEnvironment:107 - Adding [jndiProperties] PropertySource with lowest search precedence
15:45:51,535 DEBUG StandardServletEnvironment:107 - Adding [systemProperties] PropertySource with lowest search precedence
15:45:51,535 DEBUG StandardServletEnvironment:107 - Adding [systemEnvironment] PropertySource with lowest search precedence
15:45:51,535 DEBUG StandardServletEnvironment:116 - Initialized StandardServletEnvironment with PropertySources [servletConfigInitParams,servletContextInitParams,jndiProperties,systemProperties,systemEnvironment]
15:45:51,535  INFO MockServletContext:382 - Initializing Spring FrameworkServlet ''
15:45:51,550  INFO TestDispatcherServlet:453 - FrameworkServlet '': initialization started
15:45:51,550 DEBUG TestDispatcherServlet:467 - Unable to locate MultipartResolver with name 'multipartResolver': no multipart request handling provided
15:45:51,550 DEBUG DefaultListableBeanFactory:435 - Creating instance of bean 'org.springframework.web.servlet.i18n.AcceptHeaderLocaleResolver'
15:45:51,550 DEBUG DefaultListableBeanFactory:463 - Finished creating instance of bean 'org.springframework.web.servlet.i18n.AcceptHeaderLocaleResolver'
15:45:51,550 DEBUG TestDispatcherServlet:489 - Unable to locate LocaleResolver with name 'localeResolver': using default [org.springframework.web.servlet.i18n.AcceptHeaderLocaleResolver@46d41e]
15:45:51,550 DEBUG DefaultListableBeanFactory:435 - Creating instance of bean 'org.springframework.web.servlet.theme.FixedThemeResolver'
15:45:51,550 DEBUG DefaultListableBeanFactory:463 - Finished creating instance of bean 'org.springframework.web.servlet.theme.FixedThemeResolver'
15:45:51,550 DEBUG TestDispatcherServlet:511 - Unable to locate ThemeResolver with name 'themeResolver': using default [org.springframework.web.servlet.theme.FixedThemeResolver@102ffa]
15:45:51,550 DEBUG DefaultListableBeanFactory:435 - Creating instance of bean 'org.springframework.web.servlet.handler.BeanNameUrlHandlerMapping'
15:45:51,550 DEBUG BeanNameUrlHandlerMapping:71 - Looking for URL mappings in application context: org.springframework.web.context.support.GenericWebApplicationContext@a4daa3: startup date [Mon Mar 17 15:45:41 EST 2014]; root of context hierarchy
15:45:51,550 DEBUG BeanNameUrlHandlerMapping:86 - Rejected bean name 'appConfig': no URL paths identified
15:45:51,550 DEBUG BeanNameUrlHandlerMapping:86 - Rejected bean name 'portfolioController': no URL paths identified
15:45:51,550 DEBUG BeanNameUrlHandlerMapping:86 - Rejected bean name 'contactMeDao': no URL paths identified
15:45:51,550 DEBUG BeanNameUrlHandlerMapping:86 - Rejected bean name 'portfolioDao': no URL paths identified
15:45:51,550 DEBUG BeanNameUrlHandlerMapping:86 - Rejected bean name 'mailService': no URL paths identified
15:45:51,550 DEBUG BeanNameUrlHandlerMapping:86 - Rejected bean name 'contactMeSvcImpl': no URL paths identified
15:45:51,550 DEBUG BeanNameUrlHandlerMapping:86 - Rejected bean name 'portfolioSvcImpl': no URL paths identified
15:45:51,550 DEBUG BeanNameUrlHandlerMapping:86 - Rejected bean name 'jsonUtils': no URL paths identified
15:45:51,550 DEBUG BeanNameUrlHandlerMapping:86 - Rejected bean name 'org.springframework.context.annotation.internalConfigurationAnnotationProcessor': no URL paths identified
15:45:51,550 DEBUG BeanNameUrlHandlerMapping:86 - Rejected bean name 'org.springframework.context.annotation.internalAutowiredAnnotationProcessor': no URL paths identified
15:45:51,550 DEBUG BeanNameUrlHandlerMapping:86 - Rejected bean name 'org.springframework.context.annotation.internalRequiredAnnotationProcessor': no URL paths identified
15:45:51,550 DEBUG BeanNameUrlHandlerMapping:86 - Rejected bean name 'org.springframework.context.annotation.internalCommonAnnotationProcessor': no URL paths identified
15:45:51,550 DEBUG BeanNameUrlHandlerMapping:86 - Rejected bean name 'org.springframework.aop.config.internalAutoProxyCreator': no URL paths identified
15:45:51,550 DEBUG BeanNameUrlHandlerMapping:86 - Rejected bean name 'mongo': no URL paths identified
15:45:51,550 DEBUG BeanNameUrlHandlerMapping:86 - Rejected bean name 'org.springframework.beans.factory.config.CustomEditorConfigurer#0': no URL paths identified
15:45:51,550 DEBUG BeanNameUrlHandlerMapping:86 - Rejected bean name 'org.springframework.beans.factory.config.CustomEditorConfigurer#1': no URL paths identified
15:45:51,550 DEBUG BeanNameUrlHandlerMapping:86 - Rejected bean name 'org.springframework.beans.factory.config.CustomEditorConfigurer#2': no URL paths identified
15:45:51,550 DEBUG BeanNameUrlHandlerMapping:86 - Rejected bean name 'mongoDbFactory': no URL paths identified
15:45:51,550 DEBUG BeanNameUrlHandlerMapping:86 - Rejected bean name 'mongoTemplate': no URL paths identified
15:45:51,550 DEBUG BeanNameUrlHandlerMapping:86 - Rejected bean name 'org.springframework.web.servlet.view.InternalResourceViewResolver#0': no URL paths identified
15:45:51,550 DEBUG BeanNameUrlHandlerMapping:86 - Rejected bean name 'logAspect': no URL paths identified
15:45:51,550 DEBUG BeanNameUrlHandlerMapping:86 - Rejected bean name 'mapper': no URL paths identified
15:45:51,550 DEBUG BeanNameUrlHandlerMapping:86 - Rejected bean name 'mailSender': no URL paths identified
15:45:51,550 DEBUG BeanNameUrlHandlerMapping:86 - Rejected bean name 'preConfiguredMessage': no URL paths identified
15:45:51,550 DEBUG BeanNameUrlHandlerMapping:86 - Rejected bean name 'org.springframework.context.annotation.ConfigurationClassPostProcessor.importAwareProcessor': no URL paths identified
15:45:51,550 DEBUG BeanNameUrlHandlerMapping:86 - Rejected bean name 'environment': no URL paths identified
15:45:51,550 DEBUG BeanNameUrlHandlerMapping:86 - Rejected bean name 'systemProperties': no URL paths identified
15:45:51,550 DEBUG BeanNameUrlHandlerMapping:86 - Rejected bean name 'systemEnvironment': no URL paths identified
15:45:51,550 DEBUG BeanNameUrlHandlerMapping:86 - Rejected bean name 'servletContext': no URL paths identified
15:45:51,550 DEBUG BeanNameUrlHandlerMapping:86 - Rejected bean name 'contextParameters': no URL paths identified
15:45:51,550 DEBUG BeanNameUrlHandlerMapping:86 - Rejected bean name 'contextAttributes': no URL paths identified
15:45:51,550 DEBUG BeanNameUrlHandlerMapping:86 - Rejected bean name 'org.springframework.context.annotation.ConfigurationClassPostProcessor.importRegistry': no URL paths identified
15:45:51,550 DEBUG BeanNameUrlHandlerMapping:86 - Rejected bean name 'messageSource': no URL paths identified
15:45:51,550 DEBUG BeanNameUrlHandlerMapping:86 - Rejected bean name 'applicationEventMulticaster': no URL paths identified
15:45:51,550 DEBUG BeanNameUrlHandlerMapping:86 - Rejected bean name 'lifecycleProcessor': no URL paths identified
15:45:51,550 DEBUG DefaultListableBeanFactory:463 - Finished creating instance of bean 'org.springframework.web.servlet.handler.BeanNameUrlHandlerMapping'
15:45:51,550 DEBUG DefaultListableBeanFactory:435 - Creating instance of bean 'org.springframework.web.servlet.mvc.annotation.DefaultAnnotationHandlerMapping'
15:45:51,550 DEBUG DefaultAnnotationHandlerMapping:71 - Looking for URL mappings in application context: org.springframework.web.context.support.GenericWebApplicationContext@a4daa3: startup date [Mon Mar 17 15:45:41 EST 2014]; root of context hierarchy
15:45:51,550 DEBUG DefaultAnnotationHandlerMapping:86 - Rejected bean name 'appConfig': no URL paths identified
15:45:51,550 DEBUG DefaultListableBeanFactory:246 - Returning cached instance of singleton bean 'portfolioController'
15:45:51,550  INFO DefaultAnnotationHandlerMapping:315 - Mapped URL path [/contact/{pUserId}] onto handler 'portfolioController'
15:45:51,550 DEBUG DefaultListableBeanFactory:246 - Returning cached instance of singleton bean 'portfolioController'
15:45:51,550  INFO DefaultAnnotationHandlerMapping:315 - Mapped URL path [/contact/{pUserId}.*] onto handler 'portfolioController'
15:45:51,550 DEBUG DefaultListableBeanFactory:246 - Returning cached instance of singleton bean 'portfolioController'
15:45:51,550  INFO DefaultAnnotationHandlerMapping:315 - Mapped URL path [/contact/{pUserId}/] onto handler 'portfolioController'
15:45:51,550 DEBUG DefaultListableBeanFactory:246 - Returning cached instance of singleton bean 'portfolioController'
15:45:51,550  INFO DefaultAnnotationHandlerMapping:315 - Mapped URL path [/download/{pUserId}] onto handler 'portfolioController'
15:45:51,550 DEBUG DefaultListableBeanFactory:246 - Returning cached instance of singleton bean 'portfolioController'
15:45:51,550  INFO DefaultAnnotationHandlerMapping:315 - Mapped URL path [/download/{pUserId}.*] onto handler 'portfolioController'
15:45:51,550 DEBUG DefaultListableBeanFactory:246 - Returning cached instance of singleton bean 'portfolioController'
15:45:51,550  INFO DefaultAnnotationHandlerMapping:315 - Mapped URL path [/download/{pUserId}/] onto handler 'portfolioController'
15:45:51,550 DEBUG DefaultListableBeanFactory:246 - Returning cached instance of singleton bean 'portfolioController'
15:45:51,550  INFO DefaultAnnotationHandlerMapping:315 - Mapped URL path [/portfolio/{pUserId}] onto handler 'portfolioController'
15:45:51,550 DEBUG DefaultListableBeanFactory:246 - Returning cached instance of singleton bean 'portfolioController'
15:45:51,550  INFO DefaultAnnotationHandlerMapping:315 - Mapped URL path [/portfolio/{pUserId}.*] onto handler 'portfolioController'
15:45:51,550 DEBUG DefaultListableBeanFactory:246 - Returning cached instance of singleton bean 'portfolioController'
15:45:51,550  INFO DefaultAnnotationHandlerMapping:315 - Mapped URL path [/portfolio/{pUserId}/] onto handler 'portfolioController'
15:45:51,550 DEBUG DefaultAnnotationHandlerMapping:86 - Rejected bean name 'contactMeDao': no URL paths identified
15:45:51,550 DEBUG DefaultAnnotationHandlerMapping:86 - Rejected bean name 'portfolioDao': no URL paths identified
15:45:51,550 DEBUG DefaultAnnotationHandlerMapping:86 - Rejected bean name 'mailService': no URL paths identified
15:45:51,566 DEBUG DefaultAnnotationHandlerMapping:86 - Rejected bean name 'contactMeSvcImpl': no URL paths identified
15:45:51,566 DEBUG DefaultAnnotationHandlerMapping:86 - Rejected bean name 'portfolioSvcImpl': no URL paths identified
15:45:51,566 DEBUG DefaultAnnotationHandlerMapping:86 - Rejected bean name 'jsonUtils': no URL paths identified
15:45:51,566 DEBUG DefaultAnnotationHandlerMapping:86 - Rejected bean name 'org.springframework.context.annotation.internalConfigurationAnnotationProcessor': no URL paths identified
15:45:51,566 DEBUG DefaultAnnotationHandlerMapping:86 - Rejected bean name 'org.springframework.context.annotation.internalAutowiredAnnotationProcessor': no URL paths identified
15:45:51,566 DEBUG DefaultAnnotationHandlerMapping:86 - Rejected bean name 'org.springframework.context.annotation.internalRequiredAnnotationProcessor': no URL paths identified
15:45:51,566 DEBUG DefaultAnnotationHandlerMapping:86 - Rejected bean name 'org.springframework.context.annotation.internalCommonAnnotationProcessor': no URL paths identified
15:45:51,566 DEBUG DefaultAnnotationHandlerMapping:86 - Rejected bean name 'org.springframework.aop.config.internalAutoProxyCreator': no URL paths identified
15:45:51,566 DEBUG DefaultAnnotationHandlerMapping:86 - Rejected bean name 'mongo': no URL paths identified
15:45:51,566 DEBUG DefaultAnnotationHandlerMapping:86 - Rejected bean name 'org.springframework.beans.factory.config.CustomEditorConfigurer#0': no URL paths identified
15:45:51,566 DEBUG DefaultAnnotationHandlerMapping:86 - Rejected bean name 'org.springframework.beans.factory.config.CustomEditorConfigurer#1': no URL paths identified
15:45:51,566 DEBUG DefaultAnnotationHandlerMapping:86 - Rejected bean name 'org.springframework.beans.factory.config.CustomEditorConfigurer#2': no URL paths identified
15:45:51,566 DEBUG DefaultAnnotationHandlerMapping:86 - Rejected bean name 'mongoDbFactory': no URL paths identified
15:45:51,566 DEBUG DefaultAnnotationHandlerMapping:86 - Rejected bean name 'mongoTemplate': no URL paths identified
15:45:51,566 DEBUG DefaultAnnotationHandlerMapping:86 - Rejected bean name 'org.springframework.web.servlet.view.InternalResourceViewResolver#0': no URL paths identified
15:45:51,566 DEBUG DefaultAnnotationHandlerMapping:86 - Rejected bean name 'logAspect': no URL paths identified
15:45:51,566 DEBUG DefaultAnnotationHandlerMapping:86 - Rejected bean name 'mapper': no URL paths identified
15:45:51,566 DEBUG DefaultAnnotationHandlerMapping:86 - Rejected bean name 'mailSender': no URL paths identified
15:45:51,566 DEBUG DefaultAnnotationHandlerMapping:86 - Rejected bean name 'preConfiguredMessage': no URL paths identified
15:45:51,566 DEBUG DefaultAnnotationHandlerMapping:86 - Rejected bean name 'org.springframework.context.annotation.ConfigurationClassPostProcessor.importAwareProcessor': no URL paths identified
15:45:51,566 DEBUG DefaultAnnotationHandlerMapping:86 - Rejected bean name 'environment': no URL paths identified
15:45:51,566 DEBUG DefaultAnnotationHandlerMapping:86 - Rejected bean name 'systemProperties': no URL paths identified
15:45:51,566 DEBUG DefaultAnnotationHandlerMapping:86 - Rejected bean name 'systemEnvironment': no URL paths identified
15:45:51,566 DEBUG DefaultAnnotationHandlerMapping:86 - Rejected bean name 'servletContext': no URL paths identified
15:45:51,566 DEBUG DefaultAnnotationHandlerMapping:86 - Rejected bean name 'contextParameters': no URL paths identified
15:45:51,566 DEBUG DefaultAnnotationHandlerMapping:86 - Rejected bean name 'contextAttributes': no URL paths identified
15:45:51,566 DEBUG DefaultAnnotationHandlerMapping:86 - Rejected bean name 'org.springframework.context.annotation.ConfigurationClassPostProcessor.importRegistry': no URL paths identified
15:45:51,566 DEBUG DefaultAnnotationHandlerMapping:86 - Rejected bean name 'messageSource': no URL paths identified
15:45:51,566 DEBUG DefaultAnnotationHandlerMapping:86 - Rejected bean name 'applicationEventMulticaster': no URL paths identified
15:45:51,566 DEBUG DefaultAnnotationHandlerMapping:86 - Rejected bean name 'lifecycleProcessor': no URL paths identified
15:45:51,566 DEBUG DefaultListableBeanFactory:463 - Finished creating instance of bean 'org.springframework.web.servlet.mvc.annotation.DefaultAnnotationHandlerMapping'
15:45:51,566 DEBUG TestDispatcherServlet:551 - No HandlerMappings found in servlet '': using default
15:45:51,566 DEBUG DefaultListableBeanFactory:435 - Creating instance of bean 'org.springframework.web.servlet.mvc.HttpRequestHandlerAdapter'
15:45:51,566 DEBUG DefaultListableBeanFactory:463 - Finished creating instance of bean 'org.springframework.web.servlet.mvc.HttpRequestHandlerAdapter'
15:45:51,566 DEBUG DefaultListableBeanFactory:435 - Creating instance of bean 'org.springframework.web.servlet.mvc.SimpleControllerHandlerAdapter'
15:45:51,566 DEBUG DefaultListableBeanFactory:463 - Finished creating instance of bean 'org.springframework.web.servlet.mvc.SimpleControllerHandlerAdapter'
15:45:51,566 DEBUG DefaultListableBeanFactory:435 - Creating instance of bean 'org.springframework.web.servlet.mvc.annotation.AnnotationMethodHandlerAdapter'
15:45:51,566 DEBUG DefaultListableBeanFactory:463 - Finished creating instance of bean 'org.springframework.web.servlet.mvc.annotation.AnnotationMethodHandlerAdapter'
15:45:51,566 DEBUG TestDispatcherServlet:589 - No HandlerAdapters found in servlet '': using default
15:45:51,566 DEBUG DefaultListableBeanFactory:435 - Creating instance of bean 'org.springframework.web.servlet.mvc.annotation.AnnotationMethodHandlerExceptionResolver'
15:45:51,582 DEBUG DefaultListableBeanFactory:463 - Finished creating instance of bean 'org.springframework.web.servlet.mvc.annotation.AnnotationMethodHandlerExceptionResolver'
15:45:51,582 DEBUG DefaultListableBeanFactory:435 - Creating instance of bean 'org.springframework.web.servlet.mvc.annotation.ResponseStatusExceptionResolver'
15:45:51,582 DEBUG DefaultListableBeanFactory:463 - Finished creating instance of bean 'org.springframework.web.servlet.mvc.annotation.ResponseStatusExceptionResolver'
15:45:51,582 DEBUG DefaultListableBeanFactory:435 - Creating instance of bean 'org.springframework.web.servlet.mvc.support.DefaultHandlerExceptionResolver'
15:45:51,582 DEBUG DefaultListableBeanFactory:463 - Finished creating instance of bean 'org.springframework.web.servlet.mvc.support.DefaultHandlerExceptionResolver'
15:45:51,582 DEBUG TestDispatcherServlet:628 - No HandlerExceptionResolvers found in servlet '': using default
15:45:51,582 DEBUG DefaultListableBeanFactory:435 - Creating instance of bean 'org.springframework.web.servlet.view.DefaultRequestToViewNameTranslator'
15:45:51,582 DEBUG DefaultListableBeanFactory:463 - Finished creating instance of bean 'org.springframework.web.servlet.view.DefaultRequestToViewNameTranslator'
15:45:51,582 DEBUG TestDispatcherServlet:649 - Unable to locate RequestToViewNameTranslator with name 'viewNameTranslator': using default [org.springframework.web.servlet.view.DefaultRequestToViewNameTranslator@300522]
15:45:51,582 DEBUG DefaultListableBeanFactory:246 - Returning cached instance of singleton bean 'org.springframework.web.servlet.view.InternalResourceViewResolver#0'
15:45:51,582 DEBUG DefaultListableBeanFactory:435 - Creating instance of bean 'org.springframework.web.servlet.support.SessionFlashMapManager'
15:45:51,582 DEBUG DefaultListableBeanFactory:463 - Finished creating instance of bean 'org.springframework.web.servlet.support.SessionFlashMapManager'
15:45:51,582 DEBUG TestDispatcherServlet:711 - Unable to locate FlashMapManager with name 'flashMapManager': using default [org.springframework.web.servlet.support.SessionFlashMapManager@a133b2]
15:45:51,582 DEBUG TestDispatcherServlet:532 - Published WebApplicationContext of servlet '' as ServletContext attribute with name [org.springframework.web.servlet.FrameworkServlet.CONTEXT.]
15:45:51,582  INFO TestDispatcherServlet:472 - FrameworkServlet '': initialization completed in 32 ms
15:45:51,582 DEBUG TestDispatcherServlet:141 - Servlet '' configured successfully
15:45:51,582 DEBUG TestDispatcherServlet:823 - DispatcherServlet with name '' processing GET request for [/dagrawal]
15:45:51,582  WARN PageNotFound:1108 - No mapping found for HTTP request with URI [/dagrawal] in DispatcherServlet with name ''
15:45:51,582 DEBUG TestDispatcherServlet:946 - Successfully completed request
15:45:51,582 DEBUG DirtiesContextTestExecutionListener:85 - After test method: context [[TestContext@1990cf6 testClass = AppTests, testInstance = com.portfolio.AppTests@1f96afb, testMethod = index@AppTests, testException = java.lang.AssertionError: Status expected:<200> but was:<404>, mergedContextConfiguration = [WebMergedContextConfiguration@1879b testClass = AppTests, locations = '{file:src/main/webapp/WEB-INF/mvc-dispatcher-servlet.xml}', classes = '{}', contextInitializerClasses = '[]', activeProfiles = '{}', resourceBasePath = 'src/main/webapp', contextLoader = 'org.springframework.test.context.web.WebDelegatingSmartContextLoader']]], class dirties context [false], class mode [null], method dirties context [false].
15:45:51,582 DEBUG ServletTestExecutionListener:96 - Resetting RequestContextHolder for test context [TestContext@1990cf6 testClass = AppTests, testInstance = com.portfolio.AppTests@1f96afb, testMethod = index@AppTests, testException = java.lang.AssertionError: Status expected:<200> but was:<404>, mergedContextConfiguration = [WebMergedContextConfiguration@1879b testClass = AppTests, locations = '{file:src/main/webapp/WEB-INF/mvc-dispatcher-servlet.xml}', classes = '{}', contextInitializerClasses = '[]', activeProfiles = '{}', resourceBasePath = 'src/main/webapp', contextLoader = 'org.springframework.test.context.web.WebDelegatingSmartContextLoader']].
]]></system-out>
  </testcase>
</testsuite>